[    1743ms] [ERROR] Loading the font 'https://k2mkucxia43oc7fa.public.blob.vercel-storage.com/front/fonts/space-mono/space-mono-v11-latin-regular.woff2' violates the following Content Security Policy directive: "font-src 'self' *.vercel.com *.gstatic.com vercel.live". The action has been blocked. @ https://vercel.com/login?next=%2Ftejtbs-projects%2Freid-app%2Fsettings%2Fdeployment-protection:76
[    1767ms] [LOG] %c
▲

__  __                                     _            __
\ \/ /___  __  __   _________ _____       (_)_  _______/ /_
 \  / __ \/ / / /  / ___/ __ `/ __ \     / / / / / ___/ __/
 / / /_/ / /_/ /  / /__/ /_/ / / / /    / / /_/ (__  ) /_
/_/\____/\__,_/   \___/\__,_/_/ /_/  __/ /\__,_/____/\__/
         __    _          __  __    /___/
   _____/ /_  (_)___     / /_/ /_  (_)___  ____ ______
  / ___/ __ \/ / __ \   / __/ __ \/ / __ \/ __ `/ ___/
 (__  ) / / / / /_/ /  / /_/ / / / / / / / /_/ (__  )
/____/_/ /_/_/ .___/   \__/_/ /_/_/_/ /_/\__, /____/
            /_/                         /____/
  

Hello!

- Open Source https://vercel.com/oss
- Careers https://vercel.com/careers
- Status https://vercel-status.com

 font-family: "Geist Mono", monospace; white-space: pre; line-height: 1; @ https://vercel.com/_next/static/chunks/0vm-n-psc8s8c.js?dpl=dpl_9ToNfhuravyDQfpA2B6f1UzkvPy4:78
[    2294ms] [WARNING] [GSI_LOGGER]: Your client application uses one of the Google One Tap prompt UI status methods that may stop functioning when FedCM becomes mandatory. Refer to the migration guide to update your code accordingly and opt-in to FedCM to test your changes. Learn more: https://developers.google.com/identity/gsi/web/guides/fedcm-migration?s=dc#display_moment and https://developers.google.com/identity/gsi/web/guides/fedcm-migration?s=dc#skipped_moment @ https://accounts.google.com/gsi/client:84
[    2300ms] [ERROR] Not signed in with the identity provider. @ https://vercel.com/login?next=%2Ftejtbs-projects%2Freid-app%2Fsettings%2Fdeployment-protection:0
[    2454ms] [ERROR] Failed to load resource: the server responded with a status of 403 () @ https://vercel.com/api/jwt:0
[    2643ms] [WARNING] Deprecated API for given entry type. @ https://vercel.com/_next/static/chunks/1a7e-ig7xwiza.js?dpl=dpl_9ToNfhuravyDQfpA2B6f1UzkvPy4:18
[    3436ms] [ERROR] [GSI_LOGGER]: FedCM get() rejects with NetworkError: Error retrieving a token. @ https://vercel.com/_next/static/chunks/2rrq99dtq61q2.js?dpl=dpl_9ToNfhuravyDQfpA2B6f1UzkvPy4:1
[    4547ms] [VERBOSE] [DOM] Password field is not contained in a form: (More info: https://goo.gl/9p2vKq) %o @ https://accounts.google.com/v3/signin/identifier?opparams=%253F&dsh=S976257517%3A1779150896638425&client_id=258013614557-nema0dumfbottebi6to7aqi85qot9pvs.apps.googleusercontent.com&o2v=2&redirect_uri=https%3A%2F%2Fvercel.com%2Fapi%2Fregistration%2Fgoogle%2Fcallback&response_type=code&scope=openid+profile+email&service=lso&state=6e78d02e359091ef9b6aea8bfd9fdc179381a4909c52fea330100e560fae9f7c72db52b12d026208648992b4241ea51a1f324326fc17e689117f699aa5dc06518d694087be145f628bd2daf09ae5701a042d38d951559a6787f675118165c83f81c826ed1109721537eb00f13f452a1d6cb54d8aea28015a7fa9d6111070d3b6aabfbf1a69474df61207a00d590755cab51362bc5fe73bc1f0fee90418754570a1d340680fc713079447d2a4db61014d8cbe2e747c7d2966d1825f7b964f829f7ee8a7c2df8481c16ddd1ea2bc91c32efbb6ed876f89e98d417139fd503eb22ceca588dfc849841eb20de6040ca29fdcf0ce5f54bb3431fd72c3c9fd782d4fbc078c7eada6f0ee394a9bf83d5afaf8b23d60c89bf7c2e554200692013c1c393c0d929b54958f7f32d836746e4061297df2fdb4e41b6f572fa5ceee8c32dd10bcead572258b68b4a6ed&flowName=GeneralOAuthFlow&continue=https%3A%2F%2Faccounts.google.com%2Fsignin%2Foauth%2Fconsent%3Fauthuser%3Dunknown%26part%3DAJi8hAN68QY6bFtrkwrbQ8yAlrbefwV_DpKjuqpK5EvhaIjtw2Aq2X-sjxfYNvZNUbpZBYMSULBr6Q7NquVON5mfjPJsEJAM37Q6llOfIOrQBG7L2HIKgCK7_GgC69BsIGwR19ZFlTPInmEClPzh1zbAqpKkil9wTOHx7vauLyHuIt5nTHb9sc11x8ML_h1J2hKsWbiGGuX10sqPAGXiB5egXCmRuUkWOX_x0uWZYLNAQbX8be11_7QCeHBqNK3EukjHGkzrUGYxpdfE19GfC2A0wd25XOKdsZ90C_YMBNzPJJyHbcxWxRPQMzyg7pYq2vjmhwDDei3MmtrsXu3zvYnD8Kk1bMsipcE1KLtIvH059FTRVR9kNG1Diwxu35MM6WNWd2o7HDqPZ-t58Ega5XCLY1lnCcDbmD_lyZrjnAMDNsPrk1xovBF1--qkJWle0YBHJgC9wmDEGOV6j7e9AqgX-5F59uIKdw%26flowName%3DGeneralOAuthFlow%26as%3DS976257517%253A1779150896638425%26client_id%3D258013614557-nema0dumfbottebi6to7aqi85qot9pvs.apps.googleusercontent.com%26requestPath%3D%252Fsignin%252Foauth%252Fconsent%23&app_domain=https%3A%2F%2Fvercel.com&rart=ANgoxcfVWl3msxF_ku5eeP9vpZa5KqGtH2nLG9bQX04FJ_3fT0rvFJFn5hXBPUB2bvOgRLEssHhvqiCOg_01lbzQj49dgldyHjQgTdJPLGPq5dSkYsUWP14:0
[    4550ms] [LOG] %c%s color: red; background: yellow; font-size: 24px; WARNING! @ https://www.gstatic.com/_/mss/boq-identity/_/js/k=boq-identity.AccountsSignInUi.en_US.alsf3k9Xrdw.es5.O/am=iW8AAACEQhQhA4D9_38DAAggiA74ngVoAoQMAAAAAAAAAABYAAAAjQ/d=1/excm=_b,_tp,identifierview/ed=1/dg=0/wt=2/ujg=1/rs=AOaEmlF_oyVthoqewQjg6N7j1TkcUbEIWA/dti=1/m=_b,_tp:545
[    4550ms] [LOG] %c%s font-size: 18px; Using this console may allow attackers to impersonate you and steal your information using an attack called Self-XSS.
Do not enter or paste code that you do not understand. @ https://www.gstatic.com/_/mss/boq-identity/_/js/k=boq-identity.AccountsSignInUi.en_US.alsf3k9Xrdw.es5.O/am=iW8AAACEQhQhA4D9_38DAAggiA74ngVoAoQMAAAAAAAAAABYAAAAjQ/d=1/excm=_b,_tp,identifierview/ed=1/dg=0/wt=2/ujg=1/rs=AOaEmlF_oyVthoqewQjg6N7j1TkcUbEIWA/dti=1/m=_b,_tp:545
[   29642ms] [ERROR] Loading the font 'https://k2mkucxia43oc7fa.public.blob.vercel-storage.com/front/fonts/space-mono/space-mono-v11-latin-regular.woff2' violates the following Content Security Policy directive: "font-src 'self' *.vercel.com *.gstatic.com vercel.live". The action has been blocked. @ https://vercel.com/tejtbs-projects/reid-app/settings/deployment-protection:543
[   29677ms] [LOG] %c
▲

    ____                               _ __
   / __ \________  ____ _____ ___     (_) /_
  / / / / ___/ _ \/ __ `/ __ `__ \   / / __/
 / /_/ / /  /  __/ /_/ / / / / / /  / / /__
/_____/_/   \___/\__,_/_/ /_/ /_/  /_/\__( )
   _____ __    _          _ __           |/
  / ___// /_  (_)___     (_) /_
  \__ \/ __ \/ / __ \   / / __/
 ___/ / / / / / /_/ /  / / /_
/____/_/ /_/_/ .___/  /_/\__/
            /_/
  

Hello!

- Open Source https://vercel.com/oss
- Careers https://vercel.com/careers
- Status https://vercel-status.com

 font-family: "Geist Mono", monospace; white-space: pre; line-height: 1; @ https://vercel.com/_next/static/chunks/0vm-n-psc8s8c.js?dpl=dpl_9ToNfhuravyDQfpA2B6f1UzkvPy4:78
[   30911ms] [ERROR] Failed to load resource: the server responded with a status of 403 () @ https://vercel.com/api/v1/ip-blocking/?limit=128&teamId=team_Q73ZNGzo1CvlK2yhaVYEDKDP:0
[   30911ms] [LOG] Ignored request error CustomFetchError: Unauthorized: the team making the request is not allowed to block IPs.
    at d (https://vercel.com/_next/static/chunks/3dh45_sl3ltmc.js?dpl=dpl_9ToNfhuravyDQfpA2B6f1UzkvPy4:2:22503)
    at async https://vercel.com/_next/static/chunks/3cw6-g09c0h8j.js?dpl=dpl_9ToNfhuravyDQfpA2B6f1UzkvPy4:2:15381 @ https://vercel.com/_next/static/chunks/2x0_01xb41peq.js?dpl=dpl_9ToNfhuravyDQfpA2B6f1UzkvPy4:4
[   31044ms] [WARNING] Deprecated API for given entry type. @ https://vercel.com/_next/static/chunks/1a7e-ig7xwiza.js?dpl=dpl_9ToNfhuravyDQfpA2B6f1UzkvPy4:18
[   31075ms] [ERROR] Failed to load resource: the server responded with a status of 428 () @ https://vercel.com/api/v10/projects/prj_VF2FUwZK5SxZpCIRgpCtJiUqgsQj/deployment-protection-exceptions?teamId=team_Q73ZNGzo1CvlK2yhaVYEDKDP:0
[   31895ms] [VERBOSE] [DOM] Password field is not contained in a form: (More info: https://goo.gl/9p2vKq) %o @ https://vercel.com/tejtbs-projects/reid-app/settings/deployment-protection:0
[   36104ms] [ERROR] Failed to load resource: the server responded with a status of 403 () @ https://vercel.com/api/v1/ip-blocking/?limit=128&teamId=team_Q73ZNGzo1CvlK2yhaVYEDKDP:0
[   36105ms] [LOG] Ignored request error CustomFetchError: Unauthorized: the team making the request is not allowed to block IPs.
    at d (https://vercel.com/_next/static/chunks/3dh45_sl3ltmc.js?dpl=dpl_9ToNfhuravyDQfpA2B6f1UzkvPy4:2:22503)
    at async https://vercel.com/_next/static/chunks/3cw6-g09c0h8j.js?dpl=dpl_9ToNfhuravyDQfpA2B6f1UzkvPy4:2:15381 @ https://vercel.com/_next/static/chunks/1a7e-ig7xwiza.js?dpl=dpl_9ToNfhuravyDQfpA2B6f1UzkvPy4:16
[   39106ms] [WARNING] The resource https://vercel.com/_next/static/chunks/2av7_hr0dfwx8.css?dpl=dpl_9ToNfhuravyDQfpA2B6f1UzkvPy4 was preloaded using link preload but not used within a few seconds from the window's load event. Please make sure it has an appropriate `as` value and it is preloaded intentionally. @ https://vercel.com/tejtbs-projects/reid-app/settings/deployment-protection:0
[   39106ms] [WARNING] The resource https://vercel.com/_next/static/chunks/2efo_r_wyinot.css?dpl=dpl_9ToNfhuravyDQfpA2B6f1UzkvPy4 was preloaded using link preload but not used within a few seconds from the window's load event. Please make sure it has an appropriate `as` value and it is preloaded intentionally. @ https://vercel.com/tejtbs-projects/reid-app/settings/deployment-protection:0
[   39106ms] [WARNING] The resource https://vercel.com/_next/static/chunks/13t1j7hlxsp-_.css?dpl=dpl_9ToNfhuravyDQfpA2B6f1UzkvPy4 was preloaded using link preload but not used within a few seconds from the window's load event. Please make sure it has an appropriate `as` value and it is preloaded intentionally. @ https://vercel.com/tejtbs-projects/reid-app/settings/deployment-protection:0
[   39106ms] [WARNING] The resource https://vercel.com/_next/static/chunks/2mnl0qv1wk_rl.css?dpl=dpl_9ToNfhuravyDQfpA2B6f1UzkvPy4 was preloaded using link preload but not used within a few seconds from the window's load event. Please make sure it has an appropriate `as` value and it is preloaded intentionally. @ https://vercel.com/tejtbs-projects/reid-app/settings/deployment-protection:0
[   39106ms] [WARNING] The resource https://vercel.com/_next/static/media/797e433ab948586e.p.0w5z4e7s8jfe5.woff2?dpl=dpl_9ToNfhuravyDQfpA2B6f1UzkvPy4 was preloaded using link preload but not used within a few seconds from the window's load event. Please make sure it has an appropriate `as` value and it is preloaded intentionally. @ https://vercel.com/tejtbs-projects/reid-app/settings/deployment-protection:0
[   39106ms] [WARNING] The resource https://vercel.com/_next/static/chunks/2qt-3kadz85xn.css?dpl=dpl_9ToNfhuravyDQfpA2B6f1UzkvPy4 was preloaded using link preload but not used within a few seconds from the window's load event. Please make sure it has an appropriate `as` value and it is preloaded intentionally. @ https://vercel.com/tejtbs-projects/reid-app/settings/deployment-protection:0
[   39106ms] [WARNING] The resource https://vercel.com/_next/static/chunks/1uw1dgdf8jkn6.css?dpl=dpl_9ToNfhuravyDQfpA2B6f1UzkvPy4 was preloaded using link preload but not used within a few seconds from the window's load event. Please make sure it has an appropriate `as` value and it is preloaded intentionally. @ https://vercel.com/tejtbs-projects/reid-app/settings/deployment-protection:0
[   39106ms] [WARNING] The resource https://vercel.com/_next/static/chunks/1c374529bv7gx.css?dpl=dpl_9ToNfhuravyDQfpA2B6f1UzkvPy4 was preloaded using link preload but not used within a few seconds from the window's load event. Please make sure it has an appropriate `as` value and it is preloaded intentionally. @ https://vercel.com/tejtbs-projects/reid-app/settings/deployment-protection:0
[   39106ms] [WARNING] The resource https://vercel.com/_next/static/chunks/1_1b0szk1qyd1.css?dpl=dpl_9ToNfhuravyDQfpA2B6f1UzkvPy4 was preloaded using link preload but not used within a few seconds from the window's load event. Please make sure it has an appropriate `as` value and it is preloaded intentionally. @ https://vercel.com/tejtbs-projects/reid-app/settings/deployment-protection:0
[   39106ms] [WARNING] The resource https://vercel.com/_next/static/chunks/2u-v6jdck5v_w.css?dpl=dpl_9ToNfhuravyDQfpA2B6f1UzkvPy4 was preloaded using link preload but not used within a few seconds from the window's load event. Please make sure it has an appropriate `as` value and it is preloaded intentionally. @ https://vercel.com/tejtbs-projects/reid-app/settings/deployment-protection:0
[   39106ms] [WARNING] The resource https://vercel.com/_next/static/chunks/0bb548m1d6cb2.css?dpl=dpl_9ToNfhuravyDQfpA2B6f1UzkvPy4 was preloaded using link preload but not used within a few seconds from the window's load event. Please make sure it has an appropriate `as` value and it is preloaded intentionally. @ https://vercel.com/tejtbs-projects/reid-app/settings/deployment-protection:0
[   39106ms] [WARNING] The resource https://vercel.com/_next/static/chunks/3j7d6ld0gjv-a.css?dpl=dpl_9ToNfhuravyDQfpA2B6f1UzkvPy4 was preloaded using link preload but not used within a few seconds from the window's load event. Please make sure it has an appropriate `as` value and it is preloaded intentionally. @ https://vercel.com/tejtbs-projects/reid-app/settings/deployment-protection:0
[   39106ms] [WARNING] The resource https://vercel.com/_next/static/media/caa3a2e1cccd8315.p.0wgildi0cnwt9.woff2?dpl=dpl_9ToNfhuravyDQfpA2B6f1UzkvPy4 was preloaded using link preload but not used within a few seconds from the window's load event. Please make sure it has an appropriate `as` value and it is preloaded intentionally. @ https://vercel.com/tejtbs-projects/reid-app/settings/deployment-protection:0
[   39106ms] [WARNING] The resource https://vercel.com/_next/static/chunks/2e1o-5r8yh1-c.css?dpl=dpl_9ToNfhuravyDQfpA2B6f1UzkvPy4 was preloaded using link preload but not used within a few seconds from the window's load event. Please make sure it has an appropriate `as` value and it is preloaded intentionally. @ https://vercel.com/tejtbs-projects/reid-app/settings/deployment-protection:0
[   39106ms] [WARNING] The resource https://vercel.com/_next/static/chunks/3d792zqltro0t.css?dpl=dpl_9ToNfhuravyDQfpA2B6f1UzkvPy4 was preloaded using link preload but not used within a few seconds from the window's load event. Please make sure it has an appropriate `as` value and it is preloaded intentionally. @ https://vercel.com/tejtbs-projects/reid-app/settings/deployment-protection:0
[   39106ms] [WARNING] The resource https://vercel.com/_next/static/chunks/3-y7_1d2gyi4z.css?dpl=dpl_9ToNfhuravyDQfpA2B6f1UzkvPy4 was preloaded using link preload but not used within a few seconds from the window's load event. Please make sure it has an appropriate `as` value and it is preloaded intentionally. @ https://vercel.com/tejtbs-projects/reid-app/settings/deployment-protection:0
[   39106ms] [WARNING] The resource https://vercel.com/_next/static/chunks/0ld0e81xyg1qc.css?dpl=dpl_9ToNfhuravyDQfpA2B6f1UzkvPy4 was preloaded using link preload but not used within a few seconds from the window's load event. Please make sure it has an appropriate `as` value and it is preloaded intentionally. @ https://vercel.com/tejtbs-projects/reid-app/settings/deployment-protection:0
[   39106ms] [WARNING] The resource https://vercel.com/_next/static/chunks/23gt4n5nm5310.css?dpl=dpl_9ToNfhuravyDQfpA2B6f1UzkvPy4 was preloaded using link preload but not used within a few seconds from the window's load event. Please make sure it has an appropriate `as` value and it is preloaded intentionally. @ https://vercel.com/tejtbs-projects/reid-app/settings/deployment-protection:0
[   39106ms] [WARNING] The resource https://vercel.com/_next/static/chunks/3fd49nnoyujvi.css?dpl=dpl_9ToNfhuravyDQfpA2B6f1UzkvPy4 was preloaded using link preload but not used within a few seconds from the window's load event. Please make sure it has an appropriate `as` value and it is preloaded intentionally. @ https://vercel.com/tejtbs-projects/reid-app/settings/deployment-protection:0
[   39106ms] [WARNING] The resource https://vercel.com/_next/static/chunks/06yiolhlvvowy.css?dpl=dpl_9ToNfhuravyDQfpA2B6f1UzkvPy4 was preloaded using link preload but not used within a few seconds from the window's load event. Please make sure it has an appropriate `as` value and it is preloaded intentionally. @ https://vercel.com/tejtbs-projects/reid-app/settings/deployment-protection:0
[   39106ms] [WARNING] The resource https://vercel.com/_next/static/chunks/1tiefx_0-i8d9.css?dpl=dpl_9ToNfhuravyDQfpA2B6f1UzkvPy4 was preloaded using link preload but not used within a few seconds from the window's load event. Please make sure it has an appropriate `as` value and it is preloaded intentionally. @ https://vercel.com/tejtbs-projects/reid-app/settings/deployment-protection:0
[   44342ms] [WARNING] The resource https://vercel.com/_next/static/chunks/2av7_hr0dfwx8.css?dpl=dpl_9ToNfhuravyDQfpA2B6f1UzkvPy4 was preloaded using link preload but not used within a few seconds from the window's load event. Please make sure it has an appropriate `as` value and it is preloaded intentionally. @ https://vercel.com/tejtbs-projects/reid-app/settings/deployment-protection:0
[   44342ms] [WARNING] The resource https://vercel.com/_next/static/chunks/2efo_r_wyinot.css?dpl=dpl_9ToNfhuravyDQfpA2B6f1UzkvPy4 was preloaded using link preload but not used within a few seconds from the window's load event. Please make sure it has an appropriate `as` value and it is preloaded intentionally. @ https://vercel.com/tejtbs-projects/reid-app/settings/deployment-protection:0
[   44342ms] [WARNING] The resource https://vercel.com/_next/static/chunks/13t1j7hlxsp-_.css?dpl=dpl_9ToNfhuravyDQfpA2B6f1UzkvPy4 was preloaded using link preload but not used within a few seconds from the window's load event. Please make sure it has an appropriate `as` value and it is preloaded intentionally. @ https://vercel.com/tejtbs-projects/reid-app/settings/deployment-protection:0
[   44342ms] [WARNING] The resource https://vercel.com/_next/static/chunks/2mnl0qv1wk_rl.css?dpl=dpl_9ToNfhuravyDQfpA2B6f1UzkvPy4 was preloaded using link preload but not used within a few seconds from the window's load event. Please make sure it has an appropriate `as` value and it is preloaded intentionally. @ https://vercel.com/tejtbs-projects/reid-app/settings/deployment-protection:0
[   44342ms] [WARNING] The resource https://vercel.com/_next/static/media/797e433ab948586e.p.0w5z4e7s8jfe5.woff2?dpl=dpl_9ToNfhuravyDQfpA2B6f1UzkvPy4 was preloaded using link preload but not used within a few seconds from the window's load event. Please make sure it has an appropriate `as` value and it is preloaded intentionally. @ https://vercel.com/tejtbs-projects/reid-app/settings/deployment-protection:0
[   44342ms] [WARNING] The resource https://vercel.com/_next/static/chunks/2qt-3kadz85xn.css?dpl=dpl_9ToNfhuravyDQfpA2B6f1UzkvPy4 was preloaded using link preload but not used within a few seconds from the window's load event. Please make sure it has an appropriate `as` value and it is preloaded intentionally. @ https://vercel.com/tejtbs-projects/reid-app/settings/deployment-protection:0
[   44342ms] [WARNING] The resource https://vercel.com/_next/static/chunks/1uw1dgdf8jkn6.css?dpl=dpl_9ToNfhuravyDQfpA2B6f1UzkvPy4 was preloaded using link preload but not used within a few seconds from the window's load event. Please make sure it has an appropriate `as` value and it is preloaded intentionally. @ https://vercel.com/tejtbs-projects/reid-app/settings/deployment-protection:0
[   44342ms] [WARNING] The resource https://vercel.com/_next/static/chunks/1c374529bv7gx.css?dpl=dpl_9ToNfhuravyDQfpA2B6f1UzkvPy4 was preloaded using link preload but not used within a few seconds from the window's load event. Please make sure it has an appropriate `as` value and it is preloaded intentionally. @ https://vercel.com/tejtbs-projects/reid-app/settings/deployment-protection:0
[   44342ms] [WARNING] The resource https://vercel.com/_next/static/chunks/1_1b0szk1qyd1.css?dpl=dpl_9ToNfhuravyDQfpA2B6f1UzkvPy4 was preloaded using link preload but not used within a few seconds from the window's load event. Please make sure it has an appropriate `as` value and it is preloaded intentionally. @ https://vercel.com/tejtbs-projects/reid-app/settings/deployment-protection:0
[   44342ms] [WARNING] The resource https://vercel.com/_next/static/chunks/2u-v6jdck5v_w.css?dpl=dpl_9ToNfhuravyDQfpA2B6f1UzkvPy4 was preloaded using link preload but not used within a few seconds from the window's load event. Please make sure it has an appropriate `as` value and it is preloaded intentionally. @ https://vercel.com/tejtbs-projects/reid-app/settings/deployment-protection:0
[   44342ms] [WARNING] The resource https://vercel.com/_next/static/chunks/0bb548m1d6cb2.css?dpl=dpl_9ToNfhuravyDQfpA2B6f1UzkvPy4 was preloaded using link preload but not used within a few seconds from the window's load event. Please make sure it has an appropriate `as` value and it is preloaded intentionally. @ https://vercel.com/tejtbs-projects/reid-app/settings/deployment-protection:0
[   44342ms] [WARNING] The resource https://vercel.com/_next/static/chunks/3j7d6ld0gjv-a.css?dpl=dpl_9ToNfhuravyDQfpA2B6f1UzkvPy4 was preloaded using link preload but not used within a few seconds from the window's load event. Please make sure it has an appropriate `as` value and it is preloaded intentionally. @ https://vercel.com/tejtbs-projects/reid-app/settings/deployment-protection:0
[   44343ms] [WARNING] The resource https://vercel.com/_next/static/media/caa3a2e1cccd8315.p.0wgildi0cnwt9.woff2?dpl=dpl_9ToNfhuravyDQfpA2B6f1UzkvPy4 was preloaded using link preload but not used within a few seconds from the window's load event. Please make sure it has an appropriate `as` value and it is preloaded intentionally. @ https://vercel.com/tejtbs-projects/reid-app/settings/deployment-protection:0
[   44343ms] [WARNING] The resource https://vercel.com/_next/static/chunks/2e1o-5r8yh1-c.css?dpl=dpl_9ToNfhuravyDQfpA2B6f1UzkvPy4 was preloaded using link preload but not used within a few seconds from the window's load event. Please make sure it has an appropriate `as` value and it is preloaded intentionally. @ https://vercel.com/tejtbs-projects/reid-app/settings/deployment-protection:0
[   44343ms] [WARNING] The resource https://vercel.com/_next/static/chunks/3d792zqltro0t.css?dpl=dpl_9ToNfhuravyDQfpA2B6f1UzkvPy4 was preloaded using link preload but not used within a few seconds from the window's load event. Please make sure it has an appropriate `as` value and it is preloaded intentionally. @ https://vercel.com/tejtbs-projects/reid-app/settings/deployment-protection:0
[   44343ms] [WARNING] The resource https://vercel.com/_next/static/chunks/3-y7_1d2gyi4z.css?dpl=dpl_9ToNfhuravyDQfpA2B6f1UzkvPy4 was preloaded using link preload but not used within a few seconds from the window's load event. Please make sure it has an appropriate `as` value and it is preloaded intentionally. @ https://vercel.com/tejtbs-projects/reid-app/settings/deployment-protection:0
[   44343ms] [WARNING] The resource https://vercel.com/_next/static/chunks/0ld0e81xyg1qc.css?dpl=dpl_9ToNfhuravyDQfpA2B6f1UzkvPy4 was preloaded using link preload but not used within a few seconds from the window's load event. Please make sure it has an appropriate `as` value and it is preloaded intentionally. @ https://vercel.com/tejtbs-projects/reid-app/settings/deployment-protection:0
[   44343ms] [WARNING] The resource https://vercel.com/_next/static/chunks/23gt4n5nm5310.css?dpl=dpl_9ToNfhuravyDQfpA2B6f1UzkvPy4 was preloaded using link preload but not used within a few seconds from the window's load event. Please make sure it has an appropriate `as` value and it is preloaded intentionally. @ https://vercel.com/tejtbs-projects/reid-app/settings/deployment-protection:0
[   44343ms] [WARNING] The resource https://vercel.com/_next/static/chunks/3fd49nnoyujvi.css?dpl=dpl_9ToNfhuravyDQfpA2B6f1UzkvPy4 was preloaded using link preload but not used within a few seconds from the window's load event. Please make sure it has an appropriate `as` value and it is preloaded intentionally. @ https://vercel.com/tejtbs-projects/reid-app/settings/deployment-protection:0
[   44343ms] [WARNING] The resource https://vercel.com/_next/static/chunks/06yiolhlvvowy.css?dpl=dpl_9ToNfhuravyDQfpA2B6f1UzkvPy4 was preloaded using link preload but not used within a few seconds from the window's load event. Please make sure it has an appropriate `as` value and it is preloaded intentionally. @ https://vercel.com/tejtbs-projects/reid-app/settings/deployment-protection:0
[   44343ms] [WARNING] The resource https://vercel.com/_next/static/chunks/1tiefx_0-i8d9.css?dpl=dpl_9ToNfhuravyDQfpA2B6f1UzkvPy4 was preloaded using link preload but not used within a few seconds from the window's load event. Please make sure it has an appropriate `as` value and it is preloaded intentionally. @ https://vercel.com/tejtbs-projects/reid-app/settings/deployment-protection:0
[   50130ms] [WARNING] The resource https://vercel.com/_next/static/chunks/2av7_hr0dfwx8.css?dpl=dpl_9ToNfhuravyDQfpA2B6f1UzkvPy4 was preloaded using link preload but not used within a few seconds from the window's load event. Please make sure it has an appropriate `as` value and it is preloaded intentionally. @ https://vercel.com/tejtbs-projects/reid-app/settings/deployment-protection:0
[   50131ms] [WARNING] The resource https://vercel.com/_next/static/chunks/2efo_r_wyinot.css?dpl=dpl_9ToNfhuravyDQfpA2B6f1UzkvPy4 was preloaded using link preload but not used within a few seconds from the window's load event. Please make sure it has an appropriate `as` value and it is preloaded intentionally. @ https://vercel.com/tejtbs-projects/reid-app/settings/deployment-protection:0
[   50131ms] [WARNING] The resource https://vercel.com/_next/static/chunks/13t1j7hlxsp-_.css?dpl=dpl_9ToNfhuravyDQfpA2B6f1UzkvPy4 was preloaded using link preload but not used within a few seconds from the window's load event. Please make sure it has an appropriate `as` value and it is preloaded intentionally. @ https://vercel.com/tejtbs-projects/reid-app/settings/deployment-protection:0
[   50131ms] [WARNING] The resource https://vercel.com/_next/static/chunks/2mnl0qv1wk_rl.css?dpl=dpl_9ToNfhuravyDQfpA2B6f1UzkvPy4 was preloaded using link preload but not used within a few seconds from the window's load event. Please make sure it has an appropriate `as` value and it is preloaded intentionally. @ https://vercel.com/tejtbs-projects/reid-app/settings/deployment-protection:0
[   50131ms] [WARNING] The resource https://vercel.com/_next/static/media/797e433ab948586e.p.0w5z4e7s8jfe5.woff2?dpl=dpl_9ToNfhuravyDQfpA2B6f1UzkvPy4 was preloaded using link preload but not used within a few seconds from the window's load event. Please make sure it has an appropriate `as` value and it is preloaded intentionally. @ https://vercel.com/tejtbs-projects/reid-app/settings/deployment-protection:0
[   50131ms] [WARNING] The resource https://vercel.com/_next/static/chunks/2qt-3kadz85xn.css?dpl=dpl_9ToNfhuravyDQfpA2B6f1UzkvPy4 was preloaded using link preload but not used within a few seconds from the window's load event. Please make sure it has an appropriate `as` value and it is preloaded intentionally. @ https://vercel.com/tejtbs-projects/reid-app/settings/deployment-protection:0
[   50131ms] [WARNING] The resource https://vercel.com/_next/static/chunks/1uw1dgdf8jkn6.css?dpl=dpl_9ToNfhuravyDQfpA2B6f1UzkvPy4 was preloaded using link preload but not used within a few seconds from the window's load event. Please make sure it has an appropriate `as` value and it is preloaded intentionally. @ https://vercel.com/tejtbs-projects/reid-app/settings/deployment-protection:0
[   50131ms] [WARNING] The resource https://vercel.com/_next/static/chunks/1c374529bv7gx.css?dpl=dpl_9ToNfhuravyDQfpA2B6f1UzkvPy4 was preloaded using link preload but not used within a few seconds from the window's load event. Please make sure it has an appropriate `as` value and it is preloaded intentionally. @ https://vercel.com/tejtbs-projects/reid-app/settings/deployment-protection:0
[   50131ms] [WARNING] The resource https://vercel.com/_next/static/chunks/1_1b0szk1qyd1.css?dpl=dpl_9ToNfhuravyDQfpA2B6f1UzkvPy4 was preloaded using link preload but not used within a few seconds from the window's load event. Please make sure it has an appropriate `as` value and it is preloaded intentionally. @ https://vercel.com/tejtbs-projects/reid-app/settings/deployment-protection:0
[   50131ms] [WARNING] The resource https://vercel.com/_next/static/chunks/2u-v6jdck5v_w.css?dpl=dpl_9ToNfhuravyDQfpA2B6f1UzkvPy4 was preloaded using link preload but not used within a few seconds from the window's load event. Please make sure it has an appropriate `as` value and it is preloaded intentionally. @ https://vercel.com/tejtbs-projects/reid-app/settings/deployment-protection:0
[   50131ms] [WARNING] The resource https://vercel.com/_next/static/chunks/0bb548m1d6cb2.css?dpl=dpl_9ToNfhuravyDQfpA2B6f1UzkvPy4 was preloaded using link preload but not used within a few seconds from the window's load event. Please make sure it has an appropriate `as` value and it is preloaded intentionally. @ https://vercel.com/tejtbs-projects/reid-app/settings/deployment-protection:0
[   50131ms] [WARNING] The resource https://vercel.com/_next/static/chunks/3j7d6ld0gjv-a.css?dpl=dpl_9ToNfhuravyDQfpA2B6f1UzkvPy4 was preloaded using link preload but not used within a few seconds from the window's load event. Please make sure it has an appropriate `as` value and it is preloaded intentionally. @ https://vercel.com/tejtbs-projects/reid-app/settings/deployment-protection:0
[   50131ms] [WARNING] The resource https://vercel.com/_next/static/media/caa3a2e1cccd8315.p.0wgildi0cnwt9.woff2?dpl=dpl_9ToNfhuravyDQfpA2B6f1UzkvPy4 was preloaded using link preload but not used within a few seconds from the window's load event. Please make sure it has an appropriate `as` value and it is preloaded intentionally. @ https://vercel.com/tejtbs-projects/reid-app/settings/deployment-protection:0
[   50131ms] [WARNING] The resource https://vercel.com/_next/static/chunks/2e1o-5r8yh1-c.css?dpl=dpl_9ToNfhuravyDQfpA2B6f1UzkvPy4 was preloaded using link preload but not used within a few seconds from the window's load event. Please make sure it has an appropriate `as` value and it is preloaded intentionally. @ https://vercel.com/tejtbs-projects/reid-app/settings/deployment-protection:0
[   50131ms] [WARNING] The resource https://vercel.com/_next/static/chunks/3d792zqltro0t.css?dpl=dpl_9ToNfhuravyDQfpA2B6f1UzkvPy4 was preloaded using link preload but not used within a few seconds from the window's load event. Please make sure it has an appropriate `as` value and it is preloaded intentionally. @ https://vercel.com/tejtbs-projects/reid-app/settings/deployment-protection:0
[   50131ms] [WARNING] The resource https://vercel.com/_next/static/chunks/3-y7_1d2gyi4z.css?dpl=dpl_9ToNfhuravyDQfpA2B6f1UzkvPy4 was preloaded using link preload but not used within a few seconds from the window's load event. Please make sure it has an appropriate `as` value and it is preloaded intentionally. @ https://vercel.com/tejtbs-projects/reid-app/settings/deployment-protection:0
[   50131ms] [WARNING] The resource https://vercel.com/_next/static/chunks/0ld0e81xyg1qc.css?dpl=dpl_9ToNfhuravyDQfpA2B6f1UzkvPy4 was preloaded using link preload but not used within a few seconds from the window's load event. Please make sure it has an appropriate `as` value and it is preloaded intentionally. @ https://vercel.com/tejtbs-projects/reid-app/settings/deployment-protection:0
[   50131ms] [WARNING] The resource https://vercel.com/_next/static/chunks/23gt4n5nm5310.css?dpl=dpl_9ToNfhuravyDQfpA2B6f1UzkvPy4 was preloaded using link preload but not used within a few seconds from the window's load event. Please make sure it has an appropriate `as` value and it is preloaded intentionally. @ https://vercel.com/tejtbs-projects/reid-app/settings/deployment-protection:0
[   50131ms] [WARNING] The resource https://vercel.com/_next/static/chunks/3fd49nnoyujvi.css?dpl=dpl_9ToNfhuravyDQfpA2B6f1UzkvPy4 was preloaded using link preload but not used within a few seconds from the window's load event. Please make sure it has an appropriate `as` value and it is preloaded intentionally. @ https://vercel.com/tejtbs-projects/reid-app/settings/deployment-protection:0
[   50131ms] [WARNING] The resource https://vercel.com/_next/static/chunks/06yiolhlvvowy.css?dpl=dpl_9ToNfhuravyDQfpA2B6f1UzkvPy4 was preloaded using link preload but not used within a few seconds from the window's load event. Please make sure it has an appropriate `as` value and it is preloaded intentionally. @ https://vercel.com/tejtbs-projects/reid-app/settings/deployment-protection:0
[   50131ms] [WARNING] The resource https://vercel.com/_next/static/chunks/1tiefx_0-i8d9.css?dpl=dpl_9ToNfhuravyDQfpA2B6f1UzkvPy4 was preloaded using link preload but not used within a few seconds from the window's load event. Please make sure it has an appropriate `as` value and it is preloaded intentionally. @ https://vercel.com/tejtbs-projects/reid-app/settings/deployment-protection:0
[   60509ms] [WARNING] The resource https://vercel.com/_next/static/chunks/2av7_hr0dfwx8.css?dpl=dpl_9ToNfhuravyDQfpA2B6f1UzkvPy4 was preloaded using link preload but not used within a few seconds from the window's load event. Please make sure it has an appropriate `as` value and it is preloaded intentionally. @ https://vercel.com/tejtbs-projects/reid-app/settings/deployment-protection:0
[   60510ms] [WARNING] The resource https://vercel.com/_next/static/chunks/2efo_r_wyinot.css?dpl=dpl_9ToNfhuravyDQfpA2B6f1UzkvPy4 was preloaded using link preload but not used within a few seconds from the window's load event. Please make sure it has an appropriate `as` value and it is preloaded intentionally. @ https://vercel.com/tejtbs-projects/reid-app/settings/deployment-protection:0
[   60510ms] [WARNING] The resource https://vercel.com/_next/static/chunks/13t1j7hlxsp-_.css?dpl=dpl_9ToNfhuravyDQfpA2B6f1UzkvPy4 was preloaded using link preload but not used within a few seconds from the window's load event. Please make sure it has an appropriate `as` value and it is preloaded intentionally. @ https://vercel.com/tejtbs-projects/reid-app/settings/deployment-protection:0
[   60510ms] [WARNING] The resource https://vercel.com/_next/static/chunks/2mnl0qv1wk_rl.css?dpl=dpl_9ToNfhuravyDQfpA2B6f1UzkvPy4 was preloaded using link preload but not used within a few seconds from the window's load event. Please make sure it has an appropriate `as` value and it is preloaded intentionally. @ https://vercel.com/tejtbs-projects/reid-app/settings/deployment-protection:0
[   60510ms] [WARNING] The resource https://vercel.com/_next/static/media/797e433ab948586e.p.0w5z4e7s8jfe5.woff2?dpl=dpl_9ToNfhuravyDQfpA2B6f1UzkvPy4 was preloaded using link preload but not used within a few seconds from the window's load event. Please make sure it has an appropriate `as` value and it is preloaded intentionally. @ https://vercel.com/tejtbs-projects/reid-app/settings/deployment-protection:0
[   60510ms] [WARNING] The resource https://vercel.com/_next/static/chunks/2qt-3kadz85xn.css?dpl=dpl_9ToNfhuravyDQfpA2B6f1UzkvPy4 was preloaded using link preload but not used within a few seconds from the window's load event. Please make sure it has an appropriate `as` value and it is preloaded intentionally. @ https://vercel.com/tejtbs-projects/reid-app/settings/deployment-protection:0
[   60510ms] [WARNING] The resource https://vercel.com/_next/static/chunks/1uw1dgdf8jkn6.css?dpl=dpl_9ToNfhuravyDQfpA2B6f1UzkvPy4 was preloaded using link preload but not used within a few seconds from the window's load event. Please make sure it has an appropriate `as` value and it is preloaded intentionally. @ https://vercel.com/tejtbs-projects/reid-app/settings/deployment-protection:0
[   60510ms] [WARNING] The resource https://vercel.com/_next/static/chunks/1c374529bv7gx.css?dpl=dpl_9ToNfhuravyDQfpA2B6f1UzkvPy4 was preloaded using link preload but not used within a few seconds from the window's load event. Please make sure it has an appropriate `as` value and it is preloaded intentionally. @ https://vercel.com/tejtbs-projects/reid-app/settings/deployment-protection:0
[   60510ms] [WARNING] The resource https://vercel.com/_next/static/chunks/1_1b0szk1qyd1.css?dpl=dpl_9ToNfhuravyDQfpA2B6f1UzkvPy4 was preloaded using link preload but not used within a few seconds from the window's load event. Please make sure it has an appropriate `as` value and it is preloaded intentionally. @ https://vercel.com/tejtbs-projects/reid-app/settings/deployment-protection:0
[   60510ms] [WARNING] The resource https://vercel.com/_next/static/chunks/2u-v6jdck5v_w.css?dpl=dpl_9ToNfhuravyDQfpA2B6f1UzkvPy4 was preloaded using link preload but not used within a few seconds from the window's load event. Please make sure it has an appropriate `as` value and it is preloaded intentionally. @ https://vercel.com/tejtbs-projects/reid-app/settings/deployment-protection:0
[   60510ms] [WARNING] The resource https://vercel.com/_next/static/chunks/0bb548m1d6cb2.css?dpl=dpl_9ToNfhuravyDQfpA2B6f1UzkvPy4 was preloaded using link preload but not used within a few seconds from the window's load event. Please make sure it has an appropriate `as` value and it is preloaded intentionally. @ https://vercel.com/tejtbs-projects/reid-app/settings/deployment-protection:0
[   60510ms] [WARNING] The resource https://vercel.com/_next/static/chunks/3j7d6ld0gjv-a.css?dpl=dpl_9ToNfhuravyDQfpA2B6f1UzkvPy4 was preloaded using link preload but not used within a few seconds from the window's load event. Please make sure it has an appropriate `as` value and it is preloaded intentionally. @ https://vercel.com/tejtbs-projects/reid-app/settings/deployment-protection:0
[   60510ms] [WARNING] The resource https://vercel.com/_next/static/media/caa3a2e1cccd8315.p.0wgildi0cnwt9.woff2?dpl=dpl_9ToNfhuravyDQfpA2B6f1UzkvPy4 was preloaded using link preload but not used within a few seconds from the window's load event. Please make sure it has an appropriate `as` value and it is preloaded intentionally. @ https://vercel.com/tejtbs-projects/reid-app/settings/deployment-protection:0
[   60510ms] [WARNING] The resource https://vercel.com/_next/static/chunks/2e1o-5r8yh1-c.css?dpl=dpl_9ToNfhuravyDQfpA2B6f1UzkvPy4 was preloaded using link preload but not used within a few seconds from the window's load event. Please make sure it has an appropriate `as` value and it is preloaded intentionally. @ https://vercel.com/tejtbs-projects/reid-app/settings/deployment-protection:0
[   60510ms] [WARNING] The resource https://vercel.com/_next/static/chunks/3d792zqltro0t.css?dpl=dpl_9ToNfhuravyDQfpA2B6f1UzkvPy4 was preloaded using link preload but not used within a few seconds from the window's load event. Please make sure it has an appropriate `as` value and it is preloaded intentionally. @ https://vercel.com/tejtbs-projects/reid-app/settings/deployment-protection:0
[   60510ms] [WARNING] The resource https://vercel.com/_next/static/chunks/3-y7_1d2gyi4z.css?dpl=dpl_9ToNfhuravyDQfpA2B6f1UzkvPy4 was preloaded using link preload but not used within a few seconds from the window's load event. Please make sure it has an appropriate `as` value and it is preloaded intentionally. @ https://vercel.com/tejtbs-projects/reid-app/settings/deployment-protection:0
[   60510ms] [WARNING] The resource https://vercel.com/_next/static/chunks/0ld0e81xyg1qc.css?dpl=dpl_9ToNfhuravyDQfpA2B6f1UzkvPy4 was preloaded using link preload but not used within a few seconds from the window's load event. Please make sure it has an appropriate `as` value and it is preloaded intentionally. @ https://vercel.com/tejtbs-projects/reid-app/settings/deployment-protection:0
[   60510ms] [WARNING] The resource https://vercel.com/_next/static/chunks/23gt4n5nm5310.css?dpl=dpl_9ToNfhuravyDQfpA2B6f1UzkvPy4 was preloaded using link preload but not used within a few seconds from the window's load event. Please make sure it has an appropriate `as` value and it is preloaded intentionally. @ https://vercel.com/tejtbs-projects/reid-app/settings/deployment-protection:0
[   60510ms] [WARNING] The resource https://vercel.com/_next/static/chunks/3fd49nnoyujvi.css?dpl=dpl_9ToNfhuravyDQfpA2B6f1UzkvPy4 was preloaded using link preload but not used within a few seconds from the window's load event. Please make sure it has an appropriate `as` value and it is preloaded intentionally. @ https://vercel.com/tejtbs-projects/reid-app/settings/deployment-protection:0
[   60510ms] [WARNING] The resource https://vercel.com/_next/static/chunks/06yiolhlvvowy.css?dpl=dpl_9ToNfhuravyDQfpA2B6f1UzkvPy4 was preloaded using link preload but not used within a few seconds from the window's load event. Please make sure it has an appropriate `as` value and it is preloaded intentionally. @ https://vercel.com/tejtbs-projects/reid-app/settings/deployment-protection:0
[   60510ms] [WARNING] The resource https://vercel.com/_next/static/chunks/1tiefx_0-i8d9.css?dpl=dpl_9ToNfhuravyDQfpA2B6f1UzkvPy4 was preloaded using link preload but not used within a few seconds from the window's load event. Please make sure it has an appropriate `as` value and it is preloaded intentionally. @ https://vercel.com/tejtbs-projects/reid-app/settings/deployment-protection:0
[   61295ms] [ERROR] Failed to load resource: the server responded with a status of 403 () @ https://vercel.com/api/v1/ip-blocking/?limit=128&teamId=team_Q73ZNGzo1CvlK2yhaVYEDKDP:0
[   61296ms] [LOG] Ignored request error CustomFetchError: Unauthorized: the team making the request is not allowed to block IPs.
    at d (https://vercel.com/_next/static/chunks/3dh45_sl3ltmc.js?dpl=dpl_9ToNfhuravyDQfpA2B6f1UzkvPy4:2:22503)
    at async https://vercel.com/_next/static/chunks/3cw6-g09c0h8j.js?dpl=dpl_9ToNfhuravyDQfpA2B6f1UzkvPy4:2:15381 @ https://vercel.com/_next/static/chunks/1a7e-ig7xwiza.js?dpl=dpl_9ToNfhuravyDQfpA2B6f1UzkvPy4:16
[   64296ms] [WARNING] The resource https://vercel.com/_next/static/chunks/2av7_hr0dfwx8.css?dpl=dpl_9ToNfhuravyDQfpA2B6f1UzkvPy4 was preloaded using link preload but not used within a few seconds from the window's load event. Please make sure it has an appropriate `as` value and it is preloaded intentionally. @ https://vercel.com/tejtbs-projects/reid-app/settings/deployment-protection:0
[   64296ms] [WARNING] The resource https://vercel.com/_next/static/chunks/2efo_r_wyinot.css?dpl=dpl_9ToNfhuravyDQfpA2B6f1UzkvPy4 was preloaded using link preload but not used within a few seconds from the window's load event. Please make sure it has an appropriate `as` value and it is preloaded intentionally. @ https://vercel.com/tejtbs-projects/reid-app/settings/deployment-protection:0
[   64296ms] [WARNING] The resource https://vercel.com/_next/static/chunks/13t1j7hlxsp-_.css?dpl=dpl_9ToNfhuravyDQfpA2B6f1UzkvPy4 was preloaded using link preload but not used within a few seconds from the window's load event. Please make sure it has an appropriate `as` value and it is preloaded intentionally. @ https://vercel.com/tejtbs-projects/reid-app/settings/deployment-protection:0
[   64296ms] [WARNING] The resource https://vercel.com/_next/static/chunks/2mnl0qv1wk_rl.css?dpl=dpl_9ToNfhuravyDQfpA2B6f1UzkvPy4 was preloaded using link preload but not used within a few seconds from the window's load event. Please make sure it has an appropriate `as` value and it is preloaded intentionally. @ https://vercel.com/tejtbs-projects/reid-app/settings/deployment-protection:0
[   64296ms] [WARNING] The resource https://vercel.com/_next/static/media/797e433ab948586e.p.0w5z4e7s8jfe5.woff2?dpl=dpl_9ToNfhuravyDQfpA2B6f1UzkvPy4 was preloaded using link preload but not used within a few seconds from the window's load event. Please make sure it has an appropriate `as` value and it is preloaded intentionally. @ https://vercel.com/tejtbs-projects/reid-app/settings/deployment-protection:0
[   64296ms] [WARNING] The resource https://vercel.com/_next/static/chunks/2qt-3kadz85xn.css?dpl=dpl_9ToNfhuravyDQfpA2B6f1UzkvPy4 was preloaded using link preload but not used within a few seconds from the window's load event. Please make sure it has an appropriate `as` value and it is preloaded intentionally. @ https://vercel.com/tejtbs-projects/reid-app/settings/deployment-protection:0
[   64296ms] [WARNING] The resource https://vercel.com/_next/static/chunks/1uw1dgdf8jkn6.css?dpl=dpl_9ToNfhuravyDQfpA2B6f1UzkvPy4 was preloaded using link preload but not used within a few seconds from the window's load event. Please make sure it has an appropriate `as` value and it is preloaded intentionally. @ https://vercel.com/tejtbs-projects/reid-app/settings/deployment-protection:0
[   64297ms] [WARNING] The resource https://vercel.com/_next/static/chunks/1c374529bv7gx.css?dpl=dpl_9ToNfhuravyDQfpA2B6f1UzkvPy4 was preloaded using link preload but not used within a few seconds from the window's load event. Please make sure it has an appropriate `as` value and it is preloaded intentionally. @ https://vercel.com/tejtbs-projects/reid-app/settings/deployment-protection:0
[   64297ms] [WARNING] The resource https://vercel.com/_next/static/chunks/1_1b0szk1qyd1.css?dpl=dpl_9ToNfhuravyDQfpA2B6f1UzkvPy4 was preloaded using link preload but not used within a few seconds from the window's load event. Please make sure it has an appropriate `as` value and it is preloaded intentionally. @ https://vercel.com/tejtbs-projects/reid-app/settings/deployment-protection:0
[   64297ms] [WARNING] The resource https://vercel.com/_next/static/chunks/2u-v6jdck5v_w.css?dpl=dpl_9ToNfhuravyDQfpA2B6f1UzkvPy4 was preloaded using link preload but not used within a few seconds from the window's load event. Please make sure it has an appropriate `as` value and it is preloaded intentionally. @ https://vercel.com/tejtbs-projects/reid-app/settings/deployment-protection:0
[   64297ms] [WARNING] The resource https://vercel.com/_next/static/chunks/0bb548m1d6cb2.css?dpl=dpl_9ToNfhuravyDQfpA2B6f1UzkvPy4 was preloaded using link preload but not used within a few seconds from the window's load event. Please make sure it has an appropriate `as` value and it is preloaded intentionally. @ https://vercel.com/tejtbs-projects/reid-app/settings/deployment-protection:0
[   64297ms] [WARNING] The resource https://vercel.com/_next/static/chunks/3j7d6ld0gjv-a.css?dpl=dpl_9ToNfhuravyDQfpA2B6f1UzkvPy4 was preloaded using link preload but not used within a few seconds from the window's load event. Please make sure it has an appropriate `as` value and it is preloaded intentionally. @ https://vercel.com/tejtbs-projects/reid-app/settings/deployment-protection:0
[   64297ms] [WARNING] The resource https://vercel.com/_next/static/media/caa3a2e1cccd8315.p.0wgildi0cnwt9.woff2?dpl=dpl_9ToNfhuravyDQfpA2B6f1UzkvPy4 was preloaded using link preload but not used within a few seconds from the window's load event. Please make sure it has an appropriate `as` value and it is preloaded intentionally. @ https://vercel.com/tejtbs-projects/reid-app/settings/deployment-protection:0
[   64297ms] [WARNING] The resource https://vercel.com/_next/static/chunks/2e1o-5r8yh1-c.css?dpl=dpl_9ToNfhuravyDQfpA2B6f1UzkvPy4 was preloaded using link preload but not used within a few seconds from the window's load event. Please make sure it has an appropriate `as` value and it is preloaded intentionally. @ https://vercel.com/tejtbs-projects/reid-app/settings/deployment-protection:0
[   64297ms] [WARNING] The resource https://vercel.com/_next/static/chunks/3d792zqltro0t.css?dpl=dpl_9ToNfhuravyDQfpA2B6f1UzkvPy4 was preloaded using link preload but not used within a few seconds from the window's load event. Please make sure it has an appropriate `as` value and it is preloaded intentionally. @ https://vercel.com/tejtbs-projects/reid-app/settings/deployment-protection:0
[   64297ms] [WARNING] The resource https://vercel.com/_next/static/chunks/3-y7_1d2gyi4z.css?dpl=dpl_9ToNfhuravyDQfpA2B6f1UzkvPy4 was preloaded using link preload but not used within a few seconds from the window's load event. Please make sure it has an appropriate `as` value and it is preloaded intentionally. @ https://vercel.com/tejtbs-projects/reid-app/settings/deployment-protection:0
[   64297ms] [WARNING] The resource https://vercel.com/_next/static/chunks/0ld0e81xyg1qc.css?dpl=dpl_9ToNfhuravyDQfpA2B6f1UzkvPy4 was preloaded using link preload but not used within a few seconds from the window's load event. Please make sure it has an appropriate `as` value and it is preloaded intentionally. @ https://vercel.com/tejtbs-projects/reid-app/settings/deployment-protection:0
[   64297ms] [WARNING] The resource https://vercel.com/_next/static/chunks/23gt4n5nm5310.css?dpl=dpl_9ToNfhuravyDQfpA2B6f1UzkvPy4 was preloaded using link preload but not used within a few seconds from the window's load event. Please make sure it has an appropriate `as` value and it is preloaded intentionally. @ https://vercel.com/tejtbs-projects/reid-app/settings/deployment-protection:0
[   64297ms] [WARNING] The resource https://vercel.com/_next/static/chunks/3fd49nnoyujvi.css?dpl=dpl_9ToNfhuravyDQfpA2B6f1UzkvPy4 was preloaded using link preload but not used within a few seconds from the window's load event. Please make sure it has an appropriate `as` value and it is preloaded intentionally. @ https://vercel.com/tejtbs-projects/reid-app/settings/deployment-protection:0
[   64297ms] [WARNING] The resource https://vercel.com/_next/static/chunks/06yiolhlvvowy.css?dpl=dpl_9ToNfhuravyDQfpA2B6f1UzkvPy4 was preloaded using link preload but not used within a few seconds from the window's load event. Please make sure it has an appropriate `as` value and it is preloaded intentionally. @ https://vercel.com/tejtbs-projects/reid-app/settings/deployment-protection:0
[   64297ms] [WARNING] The resource https://vercel.com/_next/static/chunks/1tiefx_0-i8d9.css?dpl=dpl_9ToNfhuravyDQfpA2B6f1UzkvPy4 was preloaded using link preload but not used within a few seconds from the window's load event. Please make sure it has an appropriate `as` value and it is preloaded intentionally. @ https://vercel.com/tejtbs-projects/reid-app/settings/deployment-protection:0
[  106501ms] [ERROR] Failed to load resource: the server responded with a status of 403 () @ https://vercel.com/api/v1/ip-blocking/?limit=128&teamId=team_Q73ZNGzo1CvlK2yhaVYEDKDP:0
[  106502ms] [LOG] Ignored request error CustomFetchError: Unauthorized: the team making the request is not allowed to block IPs.
    at d (https://vercel.com/_next/static/chunks/3dh45_sl3ltmc.js?dpl=dpl_9ToNfhuravyDQfpA2B6f1UzkvPy4:2:22503)
    at async https://vercel.com/_next/static/chunks/3cw6-g09c0h8j.js?dpl=dpl_9ToNfhuravyDQfpA2B6f1UzkvPy4:2:15381 @ https://vercel.com/_next/static/chunks/1a7e-ig7xwiza.js?dpl=dpl_9ToNfhuravyDQfpA2B6f1UzkvPy4:16
[  109502ms] [WARNING] The resource https://vercel.com/_next/static/chunks/2av7_hr0dfwx8.css?dpl=dpl_9ToNfhuravyDQfpA2B6f1UzkvPy4 was preloaded using link preload but not used within a few seconds from the window's load event. Please make sure it has an appropriate `as` value and it is preloaded intentionally. @ https://vercel.com/tejtbs-projects/reid-app/settings/deployment-protection:0
[  109502ms] [WARNING] The resource https://vercel.com/_next/static/chunks/2efo_r_wyinot.css?dpl=dpl_9ToNfhuravyDQfpA2B6f1UzkvPy4 was preloaded using link preload but not used within a few seconds from the window's load event. Please make sure it has an appropriate `as` value and it is preloaded intentionally. @ https://vercel.com/tejtbs-projects/reid-app/settings/deployment-protection:0
[  109502ms] [WARNING] The resource https://vercel.com/_next/static/chunks/13t1j7hlxsp-_.css?dpl=dpl_9ToNfhuravyDQfpA2B6f1UzkvPy4 was preloaded using link preload but not used within a few seconds from the window's load event. Please make sure it has an appropriate `as` value and it is preloaded intentionally. @ https://vercel.com/tejtbs-projects/reid-app/settings/deployment-protection:0
[  109502ms] [WARNING] The resource https://vercel.com/_next/static/chunks/2mnl0qv1wk_rl.css?dpl=dpl_9ToNfhuravyDQfpA2B6f1UzkvPy4 was preloaded using link preload but not used within a few seconds from the window's load event. Please make sure it has an appropriate `as` value and it is preloaded intentionally. @ https://vercel.com/tejtbs-projects/reid-app/settings/deployment-protection:0
[  109502ms] [WARNING] The resource https://vercel.com/_next/static/media/797e433ab948586e.p.0w5z4e7s8jfe5.woff2?dpl=dpl_9ToNfhuravyDQfpA2B6f1UzkvPy4 was preloaded using link preload but not used within a few seconds from the window's load event. Please make sure it has an appropriate `as` value and it is preloaded intentionally. @ https://vercel.com/tejtbs-projects/reid-app/settings/deployment-protection:0
[  109502ms] [WARNING] The resource https://vercel.com/_next/static/chunks/2qt-3kadz85xn.css?dpl=dpl_9ToNfhuravyDQfpA2B6f1UzkvPy4 was preloaded using link preload but not used within a few seconds from the window's load event. Please make sure it has an appropriate `as` value and it is preloaded intentionally. @ https://vercel.com/tejtbs-projects/reid-app/settings/deployment-protection:0
[  109502ms] [WARNING] The resource https://vercel.com/_next/static/chunks/1uw1dgdf8jkn6.css?dpl=dpl_9ToNfhuravyDQfpA2B6f1UzkvPy4 was preloaded using link preload but not used within a few seconds from the window's load event. Please make sure it has an appropriate `as` value and it is preloaded intentionally. @ https://vercel.com/tejtbs-projects/reid-app/settings/deployment-protection:0
[  109503ms] [WARNING] The resource https://vercel.com/_next/static/chunks/1c374529bv7gx.css?dpl=dpl_9ToNfhuravyDQfpA2B6f1UzkvPy4 was preloaded using link preload but not used within a few seconds from the window's load event. Please make sure it has an appropriate `as` value and it is preloaded intentionally. @ https://vercel.com/tejtbs-projects/reid-app/settings/deployment-protection:0
[  109503ms] [WARNING] The resource https://vercel.com/_next/static/chunks/1_1b0szk1qyd1.css?dpl=dpl_9ToNfhuravyDQfpA2B6f1UzkvPy4 was preloaded using link preload but not used within a few seconds from the window's load event. Please make sure it has an appropriate `as` value and it is preloaded intentionally. @ https://vercel.com/tejtbs-projects/reid-app/settings/deployment-protection:0
[  109503ms] [WARNING] The resource https://vercel.com/_next/static/chunks/2u-v6jdck5v_w.css?dpl=dpl_9ToNfhuravyDQfpA2B6f1UzkvPy4 was preloaded using link preload but not used within a few seconds from the window's load event. Please make sure it has an appropriate `as` value and it is preloaded intentionally. @ https://vercel.com/tejtbs-projects/reid-app/settings/deployment-protection:0
[  109503ms] [WARNING] The resource https://vercel.com/_next/static/chunks/0bb548m1d6cb2.css?dpl=dpl_9ToNfhuravyDQfpA2B6f1UzkvPy4 was preloaded using link preload but not used within a few seconds from the window's load event. Please make sure it has an appropriate `as` value and it is preloaded intentionally. @ https://vercel.com/tejtbs-projects/reid-app/settings/deployment-protection:0
[  109503ms] [WARNING] The resource https://vercel.com/_next/static/chunks/3j7d6ld0gjv-a.css?dpl=dpl_9ToNfhuravyDQfpA2B6f1UzkvPy4 was preloaded using link preload but not used within a few seconds from the window's load event. Please make sure it has an appropriate `as` value and it is preloaded intentionally. @ https://vercel.com/tejtbs-projects/reid-app/settings/deployment-protection:0
[  109503ms] [WARNING] The resource https://vercel.com/_next/static/media/caa3a2e1cccd8315.p.0wgildi0cnwt9.woff2?dpl=dpl_9ToNfhuravyDQfpA2B6f1UzkvPy4 was preloaded using link preload but not used within a few seconds from the window's load event. Please make sure it has an appropriate `as` value and it is preloaded intentionally. @ https://vercel.com/tejtbs-projects/reid-app/settings/deployment-protection:0
[  109503ms] [WARNING] The resource https://vercel.com/_next/static/chunks/2e1o-5r8yh1-c.css?dpl=dpl_9ToNfhuravyDQfpA2B6f1UzkvPy4 was preloaded using link preload but not used within a few seconds from the window's load event. Please make sure it has an appropriate `as` value and it is preloaded intentionally. @ https://vercel.com/tejtbs-projects/reid-app/settings/deployment-protection:0
[  109503ms] [WARNING] The resource https://vercel.com/_next/static/chunks/3d792zqltro0t.css?dpl=dpl_9ToNfhuravyDQfpA2B6f1UzkvPy4 was preloaded using link preload but not used within a few seconds from the window's load event. Please make sure it has an appropriate `as` value and it is preloaded intentionally. @ https://vercel.com/tejtbs-projects/reid-app/settings/deployment-protection:0
[  109503ms] [WARNING] The resource https://vercel.com/_next/static/chunks/3-y7_1d2gyi4z.css?dpl=dpl_9ToNfhuravyDQfpA2B6f1UzkvPy4 was preloaded using link preload but not used within a few seconds from the window's load event. Please make sure it has an appropriate `as` value and it is preloaded intentionally. @ https://vercel.com/tejtbs-projects/reid-app/settings/deployment-protection:0
[  109503ms] [WARNING] The resource https://vercel.com/_next/static/chunks/0ld0e81xyg1qc.css?dpl=dpl_9ToNfhuravyDQfpA2B6f1UzkvPy4 was preloaded using link preload but not used within a few seconds from the window's load event. Please make sure it has an appropriate `as` value and it is preloaded intentionally. @ https://vercel.com/tejtbs-projects/reid-app/settings/deployment-protection:0
[  109503ms] [WARNING] The resource https://vercel.com/_next/static/chunks/23gt4n5nm5310.css?dpl=dpl_9ToNfhuravyDQfpA2B6f1UzkvPy4 was preloaded using link preload but not used within a few seconds from the window's load event. Please make sure it has an appropriate `as` value and it is preloaded intentionally. @ https://vercel.com/tejtbs-projects/reid-app/settings/deployment-protection:0
[  109503ms] [WARNING] The resource https://vercel.com/_next/static/chunks/3fd49nnoyujvi.css?dpl=dpl_9ToNfhuravyDQfpA2B6f1UzkvPy4 was preloaded using link preload but not used within a few seconds from the window's load event. Please make sure it has an appropriate `as` value and it is preloaded intentionally. @ https://vercel.com/tejtbs-projects/reid-app/settings/deployment-protection:0
[  109503ms] [WARNING] The resource https://vercel.com/_next/static/chunks/06yiolhlvvowy.css?dpl=dpl_9ToNfhuravyDQfpA2B6f1UzkvPy4 was preloaded using link preload but not used within a few seconds from the window's load event. Please make sure it has an appropriate `as` value and it is preloaded intentionally. @ https://vercel.com/tejtbs-projects/reid-app/settings/deployment-protection:0
[  109503ms] [WARNING] The resource https://vercel.com/_next/static/chunks/1tiefx_0-i8d9.css?dpl=dpl_9ToNfhuravyDQfpA2B6f1UzkvPy4 was preloaded using link preload but not used within a few seconds from the window's load event. Please make sure it has an appropriate `as` value and it is preloaded intentionally. @ https://vercel.com/tejtbs-projects/reid-app/settings/deployment-protection:0
[  221706ms] [ERROR] Failed to load resource: the server responded with a status of 403 () @ https://vercel.com/api/v1/ip-blocking/?limit=128&teamId=team_Q73ZNGzo1CvlK2yhaVYEDKDP:0
[  221707ms] [LOG] Ignored request error CustomFetchError: Unauthorized: the team making the request is not allowed to block IPs.
    at d (https://vercel.com/_next/static/chunks/3dh45_sl3ltmc.js?dpl=dpl_9ToNfhuravyDQfpA2B6f1UzkvPy4:2:22503)
    at async https://vercel.com/_next/static/chunks/3cw6-g09c0h8j.js?dpl=dpl_9ToNfhuravyDQfpA2B6f1UzkvPy4:2:15381 @ https://vercel.com/_next/static/chunks/1a7e-ig7xwiza.js?dpl=dpl_9ToNfhuravyDQfpA2B6f1UzkvPy4:16
[  224708ms] [WARNING] The resource https://vercel.com/_next/static/chunks/2av7_hr0dfwx8.css?dpl=dpl_9ToNfhuravyDQfpA2B6f1UzkvPy4 was preloaded using link preload but not used within a few seconds from the window's load event. Please make sure it has an appropriate `as` value and it is preloaded intentionally. @ https://vercel.com/tejtbs-projects/reid-app/settings/deployment-protection:0
[  224708ms] [WARNING] The resource https://vercel.com/_next/static/chunks/2efo_r_wyinot.css?dpl=dpl_9ToNfhuravyDQfpA2B6f1UzkvPy4 was preloaded using link preload but not used within a few seconds from the window's load event. Please make sure it has an appropriate `as` value and it is preloaded intentionally. @ https://vercel.com/tejtbs-projects/reid-app/settings/deployment-protection:0
[  224708ms] [WARNING] The resource https://vercel.com/_next/static/chunks/13t1j7hlxsp-_.css?dpl=dpl_9ToNfhuravyDQfpA2B6f1UzkvPy4 was preloaded using link preload but not used within a few seconds from the window's load event. Please make sure it has an appropriate `as` value and it is preloaded intentionally. @ https://vercel.com/tejtbs-projects/reid-app/settings/deployment-protection:0
[  224708ms] [WARNING] The resource https://vercel.com/_next/static/chunks/2mnl0qv1wk_rl.css?dpl=dpl_9ToNfhuravyDQfpA2B6f1UzkvPy4 was preloaded using link preload but not used within a few seconds from the window's load event. Please make sure it has an appropriate `as` value and it is preloaded intentionally. @ https://vercel.com/tejtbs-projects/reid-app/settings/deployment-protection:0
[  224708ms] [WARNING] The resource https://vercel.com/_next/static/media/797e433ab948586e.p.0w5z4e7s8jfe5.woff2?dpl=dpl_9ToNfhuravyDQfpA2B6f1UzkvPy4 was preloaded using link preload but not used within a few seconds from the window's load event. Please make sure it has an appropriate `as` value and it is preloaded intentionally. @ https://vercel.com/tejtbs-projects/reid-app/settings/deployment-protection:0
[  224708ms] [WARNING] The resource https://vercel.com/_next/static/chunks/2qt-3kadz85xn.css?dpl=dpl_9ToNfhuravyDQfpA2B6f1UzkvPy4 was preloaded using link preload but not used within a few seconds from the window's load event. Please make sure it has an appropriate `as` value and it is preloaded intentionally. @ https://vercel.com/tejtbs-projects/reid-app/settings/deployment-protection:0
[  224708ms] [WARNING] The resource https://vercel.com/_next/static/chunks/1uw1dgdf8jkn6.css?dpl=dpl_9ToNfhuravyDQfpA2B6f1UzkvPy4 was preloaded using link preload but not used within a few seconds from the window's load event. Please make sure it has an appropriate `as` value and it is preloaded intentionally. @ https://vercel.com/tejtbs-projects/reid-app/settings/deployment-protection:0
[  224708ms] [WARNING] The resource https://vercel.com/_next/static/chunks/1c374529bv7gx.css?dpl=dpl_9ToNfhuravyDQfpA2B6f1UzkvPy4 was preloaded using link preload but not used within a few seconds from the window's load event. Please make sure it has an appropriate `as` value and it is preloaded intentionally. @ https://vercel.com/tejtbs-projects/reid-app/settings/deployment-protection:0
[  224708ms] [WARNING] The resource https://vercel.com/_next/static/chunks/1_1b0szk1qyd1.css?dpl=dpl_9ToNfhuravyDQfpA2B6f1UzkvPy4 was preloaded using link preload but not used within a few seconds from the window's load event. Please make sure it has an appropriate `as` value and it is preloaded intentionally. @ https://vercel.com/tejtbs-projects/reid-app/settings/deployment-protection:0
[  224708ms] [WARNING] The resource https://vercel.com/_next/static/chunks/2u-v6jdck5v_w.css?dpl=dpl_9ToNfhuravyDQfpA2B6f1UzkvPy4 was preloaded using link preload but not used within a few seconds from the window's load event. Please make sure it has an appropriate `as` value and it is preloaded intentionally. @ https://vercel.com/tejtbs-projects/reid-app/settings/deployment-protection:0
[  224708ms] [WARNING] The resource https://vercel.com/_next/static/chunks/0bb548m1d6cb2.css?dpl=dpl_9ToNfhuravyDQfpA2B6f1UzkvPy4 was preloaded using link preload but not used within a few seconds from the window's load event. Please make sure it has an appropriate `as` value and it is preloaded intentionally. @ https://vercel.com/tejtbs-projects/reid-app/settings/deployment-protection:0
[  224708ms] [WARNING] The resource https://vercel.com/_next/static/chunks/3j7d6ld0gjv-a.css?dpl=dpl_9ToNfhuravyDQfpA2B6f1UzkvPy4 was preloaded using link preload but not used within a few seconds from the window's load event. Please make sure it has an appropriate `as` value and it is preloaded intentionally. @ https://vercel.com/tejtbs-projects/reid-app/settings/deployment-protection:0
[  224708ms] [WARNING] The resource https://vercel.com/_next/static/media/caa3a2e1cccd8315.p.0wgildi0cnwt9.woff2?dpl=dpl_9ToNfhuravyDQfpA2B6f1UzkvPy4 was preloaded using link preload but not used within a few seconds from the window's load event. Please make sure it has an appropriate `as` value and it is preloaded intentionally. @ https://vercel.com/tejtbs-projects/reid-app/settings/deployment-protection:0
[  224708ms] [WARNING] The resource https://vercel.com/_next/static/chunks/2e1o-5r8yh1-c.css?dpl=dpl_9ToNfhuravyDQfpA2B6f1UzkvPy4 was preloaded using link preload but not used within a few seconds from the window's load event. Please make sure it has an appropriate `as` value and it is preloaded intentionally. @ https://vercel.com/tejtbs-projects/reid-app/settings/deployment-protection:0
[  224708ms] [WARNING] The resource https://vercel.com/_next/static/chunks/3d792zqltro0t.css?dpl=dpl_9ToNfhuravyDQfpA2B6f1UzkvPy4 was preloaded using link preload but not used within a few seconds from the window's load event. Please make sure it has an appropriate `as` value and it is preloaded intentionally. @ https://vercel.com/tejtbs-projects/reid-app/settings/deployment-protection:0
[  224708ms] [WARNING] The resource https://vercel.com/_next/static/chunks/3-y7_1d2gyi4z.css?dpl=dpl_9ToNfhuravyDQfpA2B6f1UzkvPy4 was preloaded using link preload but not used within a few seconds from the window's load event. Please make sure it has an appropriate `as` value and it is preloaded intentionally. @ https://vercel.com/tejtbs-projects/reid-app/settings/deployment-protection:0
[  224708ms] [WARNING] The resource https://vercel.com/_next/static/chunks/0ld0e81xyg1qc.css?dpl=dpl_9ToNfhuravyDQfpA2B6f1UzkvPy4 was preloaded using link preload but not used within a few seconds from the window's load event. Please make sure it has an appropriate `as` value and it is preloaded intentionally. @ https://vercel.com/tejtbs-projects/reid-app/settings/deployment-protection:0
[  224708ms] [WARNING] The resource https://vercel.com/_next/static/chunks/23gt4n5nm5310.css?dpl=dpl_9ToNfhuravyDQfpA2B6f1UzkvPy4 was preloaded using link preload but not used within a few seconds from the window's load event. Please make sure it has an appropriate `as` value and it is preloaded intentionally. @ https://vercel.com/tejtbs-projects/reid-app/settings/deployment-protection:0
[  224708ms] [WARNING] The resource https://vercel.com/_next/static/chunks/3fd49nnoyujvi.css?dpl=dpl_9ToNfhuravyDQfpA2B6f1UzkvPy4 was preloaded using link preload but not used within a few seconds from the window's load event. Please make sure it has an appropriate `as` value and it is preloaded intentionally. @ https://vercel.com/tejtbs-projects/reid-app/settings/deployment-protection:0
[  224708ms] [WARNING] The resource https://vercel.com/_next/static/chunks/06yiolhlvvowy.css?dpl=dpl_9ToNfhuravyDQfpA2B6f1UzkvPy4 was preloaded using link preload but not used within a few seconds from the window's load event. Please make sure it has an appropriate `as` value and it is preloaded intentionally. @ https://vercel.com/tejtbs-projects/reid-app/settings/deployment-protection:0
[  224708ms] [WARNING] The resource https://vercel.com/_next/static/chunks/1tiefx_0-i8d9.css?dpl=dpl_9ToNfhuravyDQfpA2B6f1UzkvPy4 was preloaded using link preload but not used within a few seconds from the window's load event. Please make sure it has an appropriate `as` value and it is preloaded intentionally. @ https://vercel.com/tejtbs-projects/reid-app/settings/deployment-protection:0
[  456869ms] [ERROR] Failed to load resource: the server responded with a status of 403 () @ https://vercel.com/api/v1/ip-blocking/?limit=128&teamId=team_Q73ZNGzo1CvlK2yhaVYEDKDP:0
[  456872ms] [LOG] Ignored request error CustomFetchError: Unauthorized: the team making the request is not allowed to block IPs.
    at d (https://vercel.com/_next/static/chunks/3dh45_sl3ltmc.js?dpl=dpl_9ToNfhuravyDQfpA2B6f1UzkvPy4:2:22503)
    at async https://vercel.com/_next/static/chunks/3cw6-g09c0h8j.js?dpl=dpl_9ToNfhuravyDQfpA2B6f1UzkvPy4:2:15381 @ https://vercel.com/_next/static/chunks/1a7e-ig7xwiza.js?dpl=dpl_9ToNfhuravyDQfpA2B6f1UzkvPy4:16
[  459873ms] [WARNING] The resource https://vercel.com/_next/static/chunks/2av7_hr0dfwx8.css?dpl=dpl_9ToNfhuravyDQfpA2B6f1UzkvPy4 was preloaded using link preload but not used within a few seconds from the window's load event. Please make sure it has an appropriate `as` value and it is preloaded intentionally. @ https://vercel.com/tejtbs-projects/reid-app/settings/deployment-protection:0
[  459873ms] [WARNING] The resource https://vercel.com/_next/static/chunks/2efo_r_wyinot.css?dpl=dpl_9ToNfhuravyDQfpA2B6f1UzkvPy4 was preloaded using link preload but not used within a few seconds from the window's load event. Please make sure it has an appropriate `as` value and it is preloaded intentionally. @ https://vercel.com/tejtbs-projects/reid-app/settings/deployment-protection:0
[  459873ms] [WARNING] The resource https://vercel.com/_next/static/chunks/13t1j7hlxsp-_.css?dpl=dpl_9ToNfhuravyDQfpA2B6f1UzkvPy4 was preloaded using link preload but not used within a few seconds from the window's load event. Please make sure it has an appropriate `as` value and it is preloaded intentionally. @ https://vercel.com/tejtbs-projects/reid-app/settings/deployment-protection:0
[  459873ms] [WARNING] The resource https://vercel.com/_next/static/chunks/2mnl0qv1wk_rl.css?dpl=dpl_9ToNfhuravyDQfpA2B6f1UzkvPy4 was preloaded using link preload but not used within a few seconds from the window's load event. Please make sure it has an appropriate `as` value and it is preloaded intentionally. @ https://vercel.com/tejtbs-projects/reid-app/settings/deployment-protection:0
[  459873ms] [WARNING] The resource https://vercel.com/_next/static/media/797e433ab948586e.p.0w5z4e7s8jfe5.woff2?dpl=dpl_9ToNfhuravyDQfpA2B6f1UzkvPy4 was preloaded using link preload but not used within a few seconds from the window's load event. Please make sure it has an appropriate `as` value and it is preloaded intentionally. @ https://vercel.com/tejtbs-projects/reid-app/settings/deployment-protection:0
[  459873ms] [WARNING] The resource https://vercel.com/_next/static/chunks/2qt-3kadz85xn.css?dpl=dpl_9ToNfhuravyDQfpA2B6f1UzkvPy4 was preloaded using link preload but not used within a few seconds from the window's load event. Please make sure it has an appropriate `as` value and it is preloaded intentionally. @ https://vercel.com/tejtbs-projects/reid-app/settings/deployment-protection:0
[  459873ms] [WARNING] The resource https://vercel.com/_next/static/chunks/1uw1dgdf8jkn6.css?dpl=dpl_9ToNfhuravyDQfpA2B6f1UzkvPy4 was preloaded using link preload but not used within a few seconds from the window's load event. Please make sure it has an appropriate `as` value and it is preloaded intentionally. @ https://vercel.com/tejtbs-projects/reid-app/settings/deployment-protection:0
[  459873ms] [WARNING] The resource https://vercel.com/_next/static/chunks/1c374529bv7gx.css?dpl=dpl_9ToNfhuravyDQfpA2B6f1UzkvPy4 was preloaded using link preload but not used within a few seconds from the window's load event. Please make sure it has an appropriate `as` value and it is preloaded intentionally. @ https://vercel.com/tejtbs-projects/reid-app/settings/deployment-protection:0
[  459873ms] [WARNING] The resource https://vercel.com/_next/static/chunks/1_1b0szk1qyd1.css?dpl=dpl_9ToNfhuravyDQfpA2B6f1UzkvPy4 was preloaded using link preload but not used within a few seconds from the window's load event. Please make sure it has an appropriate `as` value and it is preloaded intentionally. @ https://vercel.com/tejtbs-projects/reid-app/settings/deployment-protection:0
[  459873ms] [WARNING] The resource https://vercel.com/_next/static/chunks/2u-v6jdck5v_w.css?dpl=dpl_9ToNfhuravyDQfpA2B6f1UzkvPy4 was preloaded using link preload but not used within a few seconds from the window's load event. Please make sure it has an appropriate `as` value and it is preloaded intentionally. @ https://vercel.com/tejtbs-projects/reid-app/settings/deployment-protection:0
[  459873ms] [WARNING] The resource https://vercel.com/_next/static/chunks/0bb548m1d6cb2.css?dpl=dpl_9ToNfhuravyDQfpA2B6f1UzkvPy4 was preloaded using link preload but not used within a few seconds from the window's load event. Please make sure it has an appropriate `as` value and it is preloaded intentionally. @ https://vercel.com/tejtbs-projects/reid-app/settings/deployment-protection:0
[  459873ms] [WARNING] The resource https://vercel.com/_next/static/chunks/3j7d6ld0gjv-a.css?dpl=dpl_9ToNfhuravyDQfpA2B6f1UzkvPy4 was preloaded using link preload but not used within a few seconds from the window's load event. Please make sure it has an appropriate `as` value and it is preloaded intentionally. @ https://vercel.com/tejtbs-projects/reid-app/settings/deployment-protection:0
[  459873ms] [WARNING] The resource https://vercel.com/_next/static/media/caa3a2e1cccd8315.p.0wgildi0cnwt9.woff2?dpl=dpl_9ToNfhuravyDQfpA2B6f1UzkvPy4 was preloaded using link preload but not used within a few seconds from the window's load event. Please make sure it has an appropriate `as` value and it is preloaded intentionally. @ https://vercel.com/tejtbs-projects/reid-app/settings/deployment-protection:0
[  459873ms] [WARNING] The resource https://vercel.com/_next/static/chunks/2e1o-5r8yh1-c.css?dpl=dpl_9ToNfhuravyDQfpA2B6f1UzkvPy4 was preloaded using link preload but not used within a few seconds from the window's load event. Please make sure it has an appropriate `as` value and it is preloaded intentionally. @ https://vercel.com/tejtbs-projects/reid-app/settings/deployment-protection:0
[  459873ms] [WARNING] The resource https://vercel.com/_next/static/chunks/3d792zqltro0t.css?dpl=dpl_9ToNfhuravyDQfpA2B6f1UzkvPy4 was preloaded using link preload but not used within a few seconds from the window's load event. Please make sure it has an appropriate `as` value and it is preloaded intentionally. @ https://vercel.com/tejtbs-projects/reid-app/settings/deployment-protection:0
[  459873ms] [WARNING] The resource https://vercel.com/_next/static/chunks/3-y7_1d2gyi4z.css?dpl=dpl_9ToNfhuravyDQfpA2B6f1UzkvPy4 was preloaded using link preload but not used within a few seconds from the window's load event. Please make sure it has an appropriate `as` value and it is preloaded intentionally. @ https://vercel.com/tejtbs-projects/reid-app/settings/deployment-protection:0
[  459873ms] [WARNING] The resource https://vercel.com/_next/static/chunks/0ld0e81xyg1qc.css?dpl=dpl_9ToNfhuravyDQfpA2B6f1UzkvPy4 was preloaded using link preload but not used within a few seconds from the window's load event. Please make sure it has an appropriate `as` value and it is preloaded intentionally. @ https://vercel.com/tejtbs-projects/reid-app/settings/deployment-protection:0
[  459873ms] [WARNING] The resource https://vercel.com/_next/static/chunks/23gt4n5nm5310.css?dpl=dpl_9ToNfhuravyDQfpA2B6f1UzkvPy4 was preloaded using link preload but not used within a few seconds from the window's load event. Please make sure it has an appropriate `as` value and it is preloaded intentionally. @ https://vercel.com/tejtbs-projects/reid-app/settings/deployment-protection:0
[  459873ms] [WARNING] The resource https://vercel.com/_next/static/chunks/3fd49nnoyujvi.css?dpl=dpl_9ToNfhuravyDQfpA2B6f1UzkvPy4 was preloaded using link preload but not used within a few seconds from the window's load event. Please make sure it has an appropriate `as` value and it is preloaded intentionally. @ https://vercel.com/tejtbs-projects/reid-app/settings/deployment-protection:0
[  459874ms] [WARNING] The resource https://vercel.com/_next/static/chunks/06yiolhlvvowy.css?dpl=dpl_9ToNfhuravyDQfpA2B6f1UzkvPy4 was preloaded using link preload but not used within a few seconds from the window's load event. Please make sure it has an appropriate `as` value and it is preloaded intentionally. @ https://vercel.com/tejtbs-projects/reid-app/settings/deployment-protection:0
[  459874ms] [WARNING] The resource https://vercel.com/_next/static/chunks/1tiefx_0-i8d9.css?dpl=dpl_9ToNfhuravyDQfpA2B6f1UzkvPy4 was preloaded using link preload but not used within a few seconds from the window's load event. Please make sure it has an appropriate `as` value and it is preloaded intentionally. @ https://vercel.com/tejtbs-projects/reid-app/settings/deployment-protection:0
[  622063ms] [ERROR] Failed to load resource: the server responded with a status of 403 () @ https://vercel.com/api/v1/ip-blocking/?limit=128&teamId=team_Q73ZNGzo1CvlK2yhaVYEDKDP:0
[  622066ms] [LOG] Ignored request error CustomFetchError: Unauthorized: the team making the request is not allowed to block IPs.
    at d (https://vercel.com/_next/static/chunks/3dh45_sl3ltmc.js?dpl=dpl_9ToNfhuravyDQfpA2B6f1UzkvPy4:2:22503)
    at async https://vercel.com/_next/static/chunks/3cw6-g09c0h8j.js?dpl=dpl_9ToNfhuravyDQfpA2B6f1UzkvPy4:2:15381 @ https://vercel.com/_next/static/chunks/1a7e-ig7xwiza.js?dpl=dpl_9ToNfhuravyDQfpA2B6f1UzkvPy4:16
[  625067ms] [WARNING] The resource https://vercel.com/_next/static/chunks/2av7_hr0dfwx8.css?dpl=dpl_9ToNfhuravyDQfpA2B6f1UzkvPy4 was preloaded using link preload but not used within a few seconds from the window's load event. Please make sure it has an appropriate `as` value and it is preloaded intentionally. @ https://vercel.com/tejtbs-projects/reid-app/settings/deployment-protection:0
[  625067ms] [WARNING] The resource https://vercel.com/_next/static/chunks/2efo_r_wyinot.css?dpl=dpl_9ToNfhuravyDQfpA2B6f1UzkvPy4 was preloaded using link preload but not used within a few seconds from the window's load event. Please make sure it has an appropriate `as` value and it is preloaded intentionally. @ https://vercel.com/tejtbs-projects/reid-app/settings/deployment-protection:0
[  625067ms] [WARNING] The resource https://vercel.com/_next/static/chunks/13t1j7hlxsp-_.css?dpl=dpl_9ToNfhuravyDQfpA2B6f1UzkvPy4 was preloaded using link preload but not used within a few seconds from the window's load event. Please make sure it has an appropriate `as` value and it is preloaded intentionally. @ https://vercel.com/tejtbs-projects/reid-app/settings/deployment-protection:0
[  625067ms] [WARNING] The resource https://vercel.com/_next/static/chunks/2mnl0qv1wk_rl.css?dpl=dpl_9ToNfhuravyDQfpA2B6f1UzkvPy4 was preloaded using link preload but not used within a few seconds from the window's load event. Please make sure it has an appropriate `as` value and it is preloaded intentionally. @ https://vercel.com/tejtbs-projects/reid-app/settings/deployment-protection:0
[  625067ms] [WARNING] The resource https://vercel.com/_next/static/media/797e433ab948586e.p.0w5z4e7s8jfe5.woff2?dpl=dpl_9ToNfhuravyDQfpA2B6f1UzkvPy4 was preloaded using link preload but not used within a few seconds from the window's load event. Please make sure it has an appropriate `as` value and it is preloaded intentionally. @ https://vercel.com/tejtbs-projects/reid-app/settings/deployment-protection:0
[  625067ms] [WARNING] The resource https://vercel.com/_next/static/chunks/2qt-3kadz85xn.css?dpl=dpl_9ToNfhuravyDQfpA2B6f1UzkvPy4 was preloaded using link preload but not used within a few seconds from the window's load event. Please make sure it has an appropriate `as` value and it is preloaded intentionally. @ https://vercel.com/tejtbs-projects/reid-app/settings/deployment-protection:0
[  625067ms] [WARNING] The resource https://vercel.com/_next/static/chunks/1uw1dgdf8jkn6.css?dpl=dpl_9ToNfhuravyDQfpA2B6f1UzkvPy4 was preloaded using link preload but not used within a few seconds from the window's load event. Please make sure it has an appropriate `as` value and it is preloaded intentionally. @ https://vercel.com/tejtbs-projects/reid-app/settings/deployment-protection:0
[  625067ms] [WARNING] The resource https://vercel.com/_next/static/chunks/1c374529bv7gx.css?dpl=dpl_9ToNfhuravyDQfpA2B6f1UzkvPy4 was preloaded using link preload but not used within a few seconds from the window's load event. Please make sure it has an appropriate `as` value and it is preloaded intentionally. @ https://vercel.com/tejtbs-projects/reid-app/settings/deployment-protection:0
[  625067ms] [WARNING] The resource https://vercel.com/_next/static/chunks/1_1b0szk1qyd1.css?dpl=dpl_9ToNfhuravyDQfpA2B6f1UzkvPy4 was preloaded using link preload but not used within a few seconds from the window's load event. Please make sure it has an appropriate `as` value and it is preloaded intentionally. @ https://vercel.com/tejtbs-projects/reid-app/settings/deployment-protection:0
[  625067ms] [WARNING] The resource https://vercel.com/_next/static/chunks/2u-v6jdck5v_w.css?dpl=dpl_9ToNfhuravyDQfpA2B6f1UzkvPy4 was preloaded using link preload but not used within a few seconds from the window's load event. Please make sure it has an appropriate `as` value and it is preloaded intentionally. @ https://vercel.com/tejtbs-projects/reid-app/settings/deployment-protection:0
[  625067ms] [WARNING] The resource https://vercel.com/_next/static/chunks/0bb548m1d6cb2.css?dpl=dpl_9ToNfhuravyDQfpA2B6f1UzkvPy4 was preloaded using link preload but not used within a few seconds from the window's load event. Please make sure it has an appropriate `as` value and it is preloaded intentionally. @ https://vercel.com/tejtbs-projects/reid-app/settings/deployment-protection:0
[  625067ms] [WARNING] The resource https://vercel.com/_next/static/chunks/3j7d6ld0gjv-a.css?dpl=dpl_9ToNfhuravyDQfpA2B6f1UzkvPy4 was preloaded using link preload but not used within a few seconds from the window's load event. Please make sure it has an appropriate `as` value and it is preloaded intentionally. @ https://vercel.com/tejtbs-projects/reid-app/settings/deployment-protection:0
[  625067ms] [WARNING] The resource https://vercel.com/_next/static/media/caa3a2e1cccd8315.p.0wgildi0cnwt9.woff2?dpl=dpl_9ToNfhuravyDQfpA2B6f1UzkvPy4 was preloaded using link preload but not used within a few seconds from the window's load event. Please make sure it has an appropriate `as` value and it is preloaded intentionally. @ https://vercel.com/tejtbs-projects/reid-app/settings/deployment-protection:0
[  625067ms] [WARNING] The resource https://vercel.com/_next/static/chunks/2e1o-5r8yh1-c.css?dpl=dpl_9ToNfhuravyDQfpA2B6f1UzkvPy4 was preloaded using link preload but not used within a few seconds from the window's load event. Please make sure it has an appropriate `as` value and it is preloaded intentionally. @ https://vercel.com/tejtbs-projects/reid-app/settings/deployment-protection:0
[  625067ms] [WARNING] The resource https://vercel.com/_next/static/chunks/3d792zqltro0t.css?dpl=dpl_9ToNfhuravyDQfpA2B6f1UzkvPy4 was preloaded using link preload but not used within a few seconds from the window's load event. Please make sure it has an appropriate `as` value and it is preloaded intentionally. @ https://vercel.com/tejtbs-projects/reid-app/settings/deployment-protection:0
[  625067ms] [WARNING] The resource https://vercel.com/_next/static/chunks/3-y7_1d2gyi4z.css?dpl=dpl_9ToNfhuravyDQfpA2B6f1UzkvPy4 was preloaded using link preload but not used within a few seconds from the window's load event. Please make sure it has an appropriate `as` value and it is preloaded intentionally. @ https://vercel.com/tejtbs-projects/reid-app/settings/deployment-protection:0
[  625067ms] [WARNING] The resource https://vercel.com/_next/static/chunks/0ld0e81xyg1qc.css?dpl=dpl_9ToNfhuravyDQfpA2B6f1UzkvPy4 was preloaded using link preload but not used within a few seconds from the window's load event. Please make sure it has an appropriate `as` value and it is preloaded intentionally. @ https://vercel.com/tejtbs-projects/reid-app/settings/deployment-protection:0
[  625067ms] [WARNING] The resource https://vercel.com/_next/static/chunks/23gt4n5nm5310.css?dpl=dpl_9ToNfhuravyDQfpA2B6f1UzkvPy4 was preloaded using link preload but not used within a few seconds from the window's load event. Please make sure it has an appropriate `as` value and it is preloaded intentionally. @ https://vercel.com/tejtbs-projects/reid-app/settings/deployment-protection:0
[  625067ms] [WARNING] The resource https://vercel.com/_next/static/chunks/3fd49nnoyujvi.css?dpl=dpl_9ToNfhuravyDQfpA2B6f1UzkvPy4 was preloaded using link preload but not used within a few seconds from the window's load event. Please make sure it has an appropriate `as` value and it is preloaded intentionally. @ https://vercel.com/tejtbs-projects/reid-app/settings/deployment-protection:0
[  625067ms] [WARNING] The resource https://vercel.com/_next/static/chunks/06yiolhlvvowy.css?dpl=dpl_9ToNfhuravyDQfpA2B6f1UzkvPy4 was preloaded using link preload but not used within a few seconds from the window's load event. Please make sure it has an appropriate `as` value and it is preloaded intentionally. @ https://vercel.com/tejtbs-projects/reid-app/settings/deployment-protection:0
[  625067ms] [WARNING] The resource https://vercel.com/_next/static/chunks/1tiefx_0-i8d9.css?dpl=dpl_9ToNfhuravyDQfpA2B6f1UzkvPy4 was preloaded using link preload but not used within a few seconds from the window's load event. Please make sure it has an appropriate `as` value and it is preloaded intentionally. @ https://vercel.com/tejtbs-projects/reid-app/settings/deployment-protection:0
[  633961ms] [WARNING] The resource https://vercel.com/_next/static/chunks/2av7_hr0dfwx8.css?dpl=dpl_9ToNfhuravyDQfpA2B6f1UzkvPy4 was preloaded using link preload but not used within a few seconds from the window's load event. Please make sure it has an appropriate `as` value and it is preloaded intentionally. @ https://vercel.com/tejtbs-projects/reid-app/settings/deployment-protection:0
[  633961ms] [WARNING] The resource https://vercel.com/_next/static/chunks/2efo_r_wyinot.css?dpl=dpl_9ToNfhuravyDQfpA2B6f1UzkvPy4 was preloaded using link preload but not used within a few seconds from the window's load event. Please make sure it has an appropriate `as` value and it is preloaded intentionally. @ https://vercel.com/tejtbs-projects/reid-app/settings/deployment-protection:0
[  633961ms] [WARNING] The resource https://vercel.com/_next/static/chunks/13t1j7hlxsp-_.css?dpl=dpl_9ToNfhuravyDQfpA2B6f1UzkvPy4 was preloaded using link preload but not used within a few seconds from the window's load event. Please make sure it has an appropriate `as` value and it is preloaded intentionally. @ https://vercel.com/tejtbs-projects/reid-app/settings/deployment-protection:0
[  633961ms] [WARNING] The resource https://vercel.com/_next/static/chunks/2mnl0qv1wk_rl.css?dpl=dpl_9ToNfhuravyDQfpA2B6f1UzkvPy4 was preloaded using link preload but not used within a few seconds from the window's load event. Please make sure it has an appropriate `as` value and it is preloaded intentionally. @ https://vercel.com/tejtbs-projects/reid-app/settings/deployment-protection:0
[  633961ms] [WARNING] The resource https://vercel.com/_next/static/media/797e433ab948586e.p.0w5z4e7s8jfe5.woff2?dpl=dpl_9ToNfhuravyDQfpA2B6f1UzkvPy4 was preloaded using link preload but not used within a few seconds from the window's load event. Please make sure it has an appropriate `as` value and it is preloaded intentionally. @ https://vercel.com/tejtbs-projects/reid-app/settings/deployment-protection:0
[  633961ms] [WARNING] The resource https://vercel.com/_next/static/chunks/2qt-3kadz85xn.css?dpl=dpl_9ToNfhuravyDQfpA2B6f1UzkvPy4 was preloaded using link preload but not used within a few seconds from the window's load event. Please make sure it has an appropriate `as` value and it is preloaded intentionally. @ https://vercel.com/tejtbs-projects/reid-app/settings/deployment-protection:0
[  633961ms] [WARNING] The resource https://vercel.com/_next/static/chunks/1uw1dgdf8jkn6.css?dpl=dpl_9ToNfhuravyDQfpA2B6f1UzkvPy4 was preloaded using link preload but not used within a few seconds from the window's load event. Please make sure it has an appropriate `as` value and it is preloaded intentionally. @ https://vercel.com/tejtbs-projects/reid-app/settings/deployment-protection:0
[  633961ms] [WARNING] The resource https://vercel.com/_next/static/chunks/1c374529bv7gx.css?dpl=dpl_9ToNfhuravyDQfpA2B6f1UzkvPy4 was preloaded using link preload but not used within a few seconds from the window's load event. Please make sure it has an appropriate `as` value and it is preloaded intentionally. @ https://vercel.com/tejtbs-projects/reid-app/settings/deployment-protection:0
[  633961ms] [WARNING] The resource https://vercel.com/_next/static/chunks/1_1b0szk1qyd1.css?dpl=dpl_9ToNfhuravyDQfpA2B6f1UzkvPy4 was preloaded using link preload but not used within a few seconds from the window's load event. Please make sure it has an appropriate `as` value and it is preloaded intentionally. @ https://vercel.com/tejtbs-projects/reid-app/settings/deployment-protection:0
[  633961ms] [WARNING] The resource https://vercel.com/_next/static/chunks/2u-v6jdck5v_w.css?dpl=dpl_9ToNfhuravyDQfpA2B6f1UzkvPy4 was preloaded using link preload but not used within a few seconds from the window's load event. Please make sure it has an appropriate `as` value and it is preloaded intentionally. @ https://vercel.com/tejtbs-projects/reid-app/settings/deployment-protection:0
[  633962ms] [WARNING] The resource https://vercel.com/_next/static/chunks/0bb548m1d6cb2.css?dpl=dpl_9ToNfhuravyDQfpA2B6f1UzkvPy4 was preloaded using link preload but not used within a few seconds from the window's load event. Please make sure it has an appropriate `as` value and it is preloaded intentionally. @ https://vercel.com/tejtbs-projects/reid-app/settings/deployment-protection:0
[  633962ms] [WARNING] The resource https://vercel.com/_next/static/chunks/3j7d6ld0gjv-a.css?dpl=dpl_9ToNfhuravyDQfpA2B6f1UzkvPy4 was preloaded using link preload but not used within a few seconds from the window's load event. Please make sure it has an appropriate `as` value and it is preloaded intentionally. @ https://vercel.com/tejtbs-projects/reid-app/settings/deployment-protection:0
[  633962ms] [WARNING] The resource https://vercel.com/_next/static/media/caa3a2e1cccd8315.p.0wgildi0cnwt9.woff2?dpl=dpl_9ToNfhuravyDQfpA2B6f1UzkvPy4 was preloaded using link preload but not used within a few seconds from the window's load event. Please make sure it has an appropriate `as` value and it is preloaded intentionally. @ https://vercel.com/tejtbs-projects/reid-app/settings/deployment-protection:0
[  633962ms] [WARNING] The resource https://vercel.com/_next/static/chunks/2e1o-5r8yh1-c.css?dpl=dpl_9ToNfhuravyDQfpA2B6f1UzkvPy4 was preloaded using link preload but not used within a few seconds from the window's load event. Please make sure it has an appropriate `as` value and it is preloaded intentionally. @ https://vercel.com/tejtbs-projects/reid-app/settings/deployment-protection:0
[  633962ms] [WARNING] The resource https://vercel.com/_next/static/chunks/3d792zqltro0t.css?dpl=dpl_9ToNfhuravyDQfpA2B6f1UzkvPy4 was preloaded using link preload but not used within a few seconds from the window's load event. Please make sure it has an appropriate `as` value and it is preloaded intentionally. @ https://vercel.com/tejtbs-projects/reid-app/settings/deployment-protection:0
[  633962ms] [WARNING] The resource https://vercel.com/_next/static/chunks/3-y7_1d2gyi4z.css?dpl=dpl_9ToNfhuravyDQfpA2B6f1UzkvPy4 was preloaded using link preload but not used within a few seconds from the window's load event. Please make sure it has an appropriate `as` value and it is preloaded intentionally. @ https://vercel.com/tejtbs-projects/reid-app/settings/deployment-protection:0
[  633962ms] [WARNING] The resource https://vercel.com/_next/static/chunks/0ld0e81xyg1qc.css?dpl=dpl_9ToNfhuravyDQfpA2B6f1UzkvPy4 was preloaded using link preload but not used within a few seconds from the window's load event. Please make sure it has an appropriate `as` value and it is preloaded intentionally. @ https://vercel.com/tejtbs-projects/reid-app/settings/deployment-protection:0
[  633962ms] [WARNING] The resource https://vercel.com/_next/static/chunks/23gt4n5nm5310.css?dpl=dpl_9ToNfhuravyDQfpA2B6f1UzkvPy4 was preloaded using link preload but not used within a few seconds from the window's load event. Please make sure it has an appropriate `as` value and it is preloaded intentionally. @ https://vercel.com/tejtbs-projects/reid-app/settings/deployment-protection:0
[  633962ms] [WARNING] The resource https://vercel.com/_next/static/chunks/3fd49nnoyujvi.css?dpl=dpl_9ToNfhuravyDQfpA2B6f1UzkvPy4 was preloaded using link preload but not used within a few seconds from the window's load event. Please make sure it has an appropriate `as` value and it is preloaded intentionally. @ https://vercel.com/tejtbs-projects/reid-app/settings/deployment-protection:0
[  633962ms] [WARNING] The resource https://vercel.com/_next/static/chunks/06yiolhlvvowy.css?dpl=dpl_9ToNfhuravyDQfpA2B6f1UzkvPy4 was preloaded using link preload but not used within a few seconds from the window's load event. Please make sure it has an appropriate `as` value and it is preloaded intentionally. @ https://vercel.com/tejtbs-projects/reid-app/settings/deployment-protection:0
[  633962ms] [WARNING] The resource https://vercel.com/_next/static/chunks/1tiefx_0-i8d9.css?dpl=dpl_9ToNfhuravyDQfpA2B6f1UzkvPy4 was preloaded using link preload but not used within a few seconds from the window's load event. Please make sure it has an appropriate `as` value and it is preloaded intentionally. @ https://vercel.com/tejtbs-projects/reid-app/settings/deployment-protection:0
